The target system is: PICO -  - cortex-m0plus
The host system is: Linux - 6.1.38 - x86_64
Compiling the C compiler identification source file "CMakeCCompilerId.c" succeeded.
Compiler: /run/current-system/sw/bin/arm-none-eabi-gcc 
Build flags: ;-mcpu=cortex-m0plus;-mthumb
Id flags: -c 

The output was:
0


Compilation of the C compiler identification source "CMakeCCompilerId.c" produced "CMakeCCompilerId.o"

The C compiler identification is GNU, found in "/home/volse/Nextcloud/Alles_nur_geCloud/Kreationen/Volse/BERT/build/CMakeFiles/3.25.3/CompilerIdC/CMakeCCompilerId.o"

Compiling the CXX compiler identification source file "CMakeCXXCompilerId.cpp" succeeded.
Compiler: /run/current-system/sw/bin/arm-none-eabi-g++ 
Build flags: ;-mcpu=cortex-m0plus;-mthumb
Id flags: -c 

The output was:
0


Compilation of the CXX compiler identification source "CMakeCXXCompilerId.cpp" produced "CMakeCXXCompilerId.o"

The CXX compiler identification is GNU, found in "/home/volse/Nextcloud/Alles_nur_geCloud/Kreationen/Volse/BERT/build/CMakeFiles/3.25.3/CompilerIdCXX/CMakeCXXCompilerId.o"

Checking whether the ASM compiler is GNU using "--version" matched "(GNU assembler)|(GCC)|(Free Software Foundation)":
arm-none-eabi-gcc (Arm GNU Toolchain 12.2.Rel1 (Build arm-12.24)) 12.2.1 20221205
Copyright (C) 2022 Free Software Foundation, Inc.
This is free software; see the source for copying conditions.  There is NO
warranty; not even for MERCHANTABILITY or FITNESS FOR A PARTICULAR PURPOSE.

Detecting C compiler ABI info compiled with the following output:
Change Dir: /home/volse/Nextcloud/Alles_nur_geCloud/Kreationen/Volse/BERT/build/CMakeFiles/CMakeScratch/TryCompile-oqXhv4

Run Build Command(s):/run/current-system/sw/bin/make -f Makefile cmTC_aff06/fast && /run/current-system/sw/bin/make  -f CMakeFiles/cmTC_aff06.dir/build.make CMakeFiles/cmTC_aff06.dir/build
make[1]: Entering directory '/home/volse/Nextcloud/Alles_nur_geCloud/Kreationen/Volse/BERT/build/CMakeFiles/CMakeScratch/TryCompile-oqXhv4'
Building C object CMakeFiles/cmTC_aff06.dir/CMakeCCompilerABI.c.obj
/run/current-system/sw/bin/arm-none-eabi-gcc   -mcpu=cortex-m0plus -mthumb    -v -o CMakeFiles/cmTC_aff06.dir/CMakeCCompilerABI.c.obj -c /nix/store/jvcvx2kmln6iphr96y1mjgnjp15n2vz9-cmake-3.25.3/share/cmake-3.25/Modules/CMakeCCompilerABI.c
Using built-in specs.
COLLECT_GCC=/run/current-system/sw/bin/arm-none-eabi-gcc
Target: arm-none-eabi
Configured with: /data/jenkins/workspace/GNU-toolchain/arm-12/src/gcc/configure --target=arm-none-eabi --prefix=/data/jenkins/workspace/GNU-toolchain/arm-12/build-arm-none-eabi/install --with-gmp=/data/jenkins/workspace/GNU-toolchain/arm-12/build-arm-none-eabi/host-tools --with-mpfr=/data/jenkins/workspace/GNU-toolchain/arm-12/build-arm-none-eabi/host-tools --with-mpc=/data/jenkins/workspace/GNU-toolchain/arm-12/build-arm-none-eabi/host-tools --with-isl=/data/jenkins/workspace/GNU-toolchain/arm-12/build-arm-none-eabi/host-tools --disable-shared --disable-nls --disable-threads --disable-tls --enable-checking=release --enable-languages=c,c++,fortran --with-newlib --with-gnu-as --with-gnu-ld --with-sysroot=/data/jenkins/workspace/GNU-toolchain/arm-12/build-arm-none-eabi/install/arm-none-eabi --with-multilib-list=aprofile,rmprofile --with-pkgversion='Arm GNU Toolchain 12.2.Rel1 (Build arm-12.24)' --with-bugurl=https://bugs.linaro.org/
Thread model: single
Supported LTO compression algorithms: zlib
gcc version 12.2.1 20221205 (Arm GNU Toolchain 12.2.Rel1 (Build arm-12.24)) 
COLLECT_GCC_OPTIONS='-mcpu=cortex-m0plus' '-mthumb' '-v' '-o' 'CMakeFiles/cmTC_aff06.dir/CMakeCCompilerABI.c.obj' '-c' '-mfloat-abi=soft' '-mlibarch=armv6s-m' '-march=armv6s-m' '-dumpdir' 'CMakeFiles/cmTC_aff06.dir/'
 /nix/store/290qsnq6g2ni2fjcvyjyd6gjs5m42vi5-gcc-arm-embedded-12.2.rel1/bin/../libexec/gcc/arm-none-eabi/12.2.1/cc1 -quiet -v -imultilib thumb/v6-m/nofp -iprefix /nix/store/290qsnq6g2ni2fjcvyjyd6gjs5m42vi5-gcc-arm-embedded-12.2.rel1/bin/../lib/gcc/arm-none-eabi/12.2.1/ -isysroot /nix/store/290qsnq6g2ni2fjcvyjyd6gjs5m42vi5-gcc-arm-embedded-12.2.rel1/bin/../arm-none-eabi -D__USES_INITFINI__ /nix/store/jvcvx2kmln6iphr96y1mjgnjp15n2vz9-cmake-3.25.3/share/cmake-3.25/Modules/CMakeCCompilerABI.c -quiet -dumpdir CMakeFiles/cmTC_aff06.dir/ -dumpbase CMakeCCompilerABI.c.c -dumpbase-ext .c -mcpu=cortex-m0plus -mthumb -mfloat-abi=soft -mlibarch=armv6s-m -march=armv6s-m -version -o /tmp/cculjqYa.s
GNU C17 (Arm GNU Toolchain 12.2.Rel1 (Build arm-12.24)) version 12.2.1 20221205 (arm-none-eabi)
	compiled by GNU C version 4.8.5 20150623 (Red Hat 4.8.5-44), GMP version 6.2.1, MPFR version 3.1.6, MPC version 1.0.3, isl version isl-0.15-1-g835ea3a-GMP

GGC heuristics: --param ggc-min-expand=100 --param ggc-min-heapsize=131072
ignoring duplicate directory "/nix/store/290qsnq6g2ni2fjcvyjyd6gjs5m42vi5-gcc-arm-embedded-12.2.rel1/bin/../lib/gcc/../../lib/gcc/arm-none-eabi/12.2.1/include"
ignoring nonexistent directory "/nix/store/290qsnq6g2ni2fjcvyjyd6gjs5m42vi5-gcc-arm-embedded-12.2.rel1/bin/../arm-none-eabi/usr/local/include"
ignoring duplicate directory "/nix/store/290qsnq6g2ni2fjcvyjyd6gjs5m42vi5-gcc-arm-embedded-12.2.rel1/bin/../lib/gcc/../../lib/gcc/arm-none-eabi/12.2.1/include-fixed"
ignoring duplicate directory "/nix/store/290qsnq6g2ni2fjcvyjyd6gjs5m42vi5-gcc-arm-embedded-12.2.rel1/bin/../lib/gcc/../../lib/gcc/arm-none-eabi/12.2.1/../../../../arm-none-eabi/include"
ignoring nonexistent directory "/nix/store/290qsnq6g2ni2fjcvyjyd6gjs5m42vi5-gcc-arm-embedded-12.2.rel1/bin/../arm-none-eabi/usr/include"
#include "..." search starts here:
#include <...> search starts here:
 /nix/store/290qsnq6g2ni2fjcvyjyd6gjs5m42vi5-gcc-arm-embedded-12.2.rel1/bin/../lib/gcc/arm-none-eabi/12.2.1/include
 /nix/store/290qsnq6g2ni2fjcvyjyd6gjs5m42vi5-gcc-arm-embedded-12.2.rel1/bin/../lib/gcc/arm-none-eabi/12.2.1/include-fixed
 /nix/store/290qsnq6g2ni2fjcvyjyd6gjs5m42vi5-gcc-arm-embedded-12.2.rel1/bin/../lib/gcc/arm-none-eabi/12.2.1/../../../../arm-none-eabi/include
End of search list.
GNU C17 (Arm GNU Toolchain 12.2.Rel1 (Build arm-12.24)) version 12.2.1 20221205 (arm-none-eabi)
	compiled by GNU C version 4.8.5 20150623 (Red Hat 4.8.5-44), GMP version 6.2.1, MPFR version 3.1.6, MPC version 1.0.3, isl version isl-0.15-1-g835ea3a-GMP

GGC heuristics: --param ggc-min-expand=100 --param ggc-min-heapsize=131072
Compiler executable checksum: f168295002905d7c051350240df03ac6
COLLECT_GCC_OPTIONS='-mcpu=cortex-m0plus' '-mthumb' '-v' '-o' 'CMakeFiles/cmTC_aff06.dir/CMakeCCompilerABI.c.obj' '-c' '-mfloat-abi=soft' '-mlibarch=armv6s-m' '-march=armv6s-m' '-dumpdir' 'CMakeFiles/cmTC_aff06.dir/'
 /nix/store/290qsnq6g2ni2fjcvyjyd6gjs5m42vi5-gcc-arm-embedded-12.2.rel1/bin/../lib/gcc/arm-none-eabi/12.2.1/../../../../arm-none-eabi/bin/as -v -march=armv6s-m -mfloat-abi=soft -meabi=5 -o CMakeFiles/cmTC_aff06.dir/CMakeCCompilerABI.c.obj /tmp/cculjqYa.s
GNU assembler version 2.39.0 (arm-none-eabi) using BFD version (Arm GNU Toolchain 12.2.Rel1 (Build arm-12.24)) 2.39.0.20221210
COMPILER_PATH=/nix/store/290qsnq6g2ni2fjcvyjyd6gjs5m42vi5-gcc-arm-embedded-12.2.rel1/bin/../libexec/gcc/arm-none-eabi/12.2.1/:/nix/store/290qsnq6g2ni2fjcvyjyd6gjs5m42vi5-gcc-arm-embedded-12.2.rel1/bin/../libexec/gcc/:/nix/store/290qsnq6g2ni2fjcvyjyd6gjs5m42vi5-gcc-arm-embedded-12.2.rel1/bin/../lib/gcc/arm-none-eabi/12.2.1/../../../../arm-none-eabi/bin/
LIBRARY_PATH=/nix/store/290qsnq6g2ni2fjcvyjyd6gjs5m42vi5-gcc-arm-embedded-12.2.rel1/bin/../lib/gcc/arm-none-eabi/12.2.1/thumb/v6-m/nofp/:/nix/store/290qsnq6g2ni2fjcvyjyd6gjs5m42vi5-gcc-arm-embedded-12.2.rel1/bin/../lib/gcc/arm-none-eabi/12.2.1/../../../../arm-none-eabi/lib/thumb/v6-m/nofp/:/nix/store/290qsnq6g2ni2fjcvyjyd6gjs5m42vi5-gcc-arm-embedded-12.2.rel1/bin/../arm-none-eabi/lib/thumb/v6-m/nofp/:/nix/store/290qsnq6g2ni2fjcvyjyd6gjs5m42vi5-gcc-arm-embedded-12.2.rel1/bin/../lib/gcc/arm-none-eabi/12.2.1/:/nix/store/290qsnq6g2ni2fjcvyjyd6gjs5m42vi5-gcc-arm-embedded-12.2.rel1/bin/../lib/gcc/:/nix/store/290qsnq6g2ni2fjcvyjyd6gjs5m42vi5-gcc-arm-embedded-12.2.rel1/bin/../lib/gcc/arm-none-eabi/12.2.1/../../../../arm-none-eabi/lib/:/nix/store/290qsnq6g2ni2fjcvyjyd6gjs5m42vi5-gcc-arm-embedded-12.2.rel1/bin/../arm-none-eabi/lib/
COLLECT_GCC_OPTIONS='-mcpu=cortex-m0plus' '-mthumb' '-v' '-o' 'CMakeFiles/cmTC_aff06.dir/CMakeCCompilerABI.c.obj' '-c' '-mfloat-abi=soft' '-mlibarch=armv6s-m' '-march=armv6s-m' '-dumpdir' 'CMakeFiles/cmTC_aff06.dir/CMakeCCompilerABI.c.'
Linking C executable cmTC_aff06.elf
/nix/store/jvcvx2kmln6iphr96y1mjgnjp15n2vz9-cmake-3.25.3/bin/cmake -E cmake_link_script CMakeFiles/cmTC_aff06.dir/link.txt --verbose=1
/run/current-system/sw/bin/arm-none-eabi-gcc -mcpu=cortex-m0plus -mthumb  -Wl,--build-id=none -nostdlib  -v CMakeFiles/cmTC_aff06.dir/CMakeCCompilerABI.c.obj -o cmTC_aff06.elf 
Using built-in specs.
COLLECT_GCC=/run/current-system/sw/bin/arm-none-eabi-gcc
COLLECT_LTO_WRAPPER=/nix/store/290qsnq6g2ni2fjcvyjyd6gjs5m42vi5-gcc-arm-embedded-12.2.rel1/bin/../libexec/gcc/arm-none-eabi/12.2.1/lto-wrapper
Target: arm-none-eabi
Configured with: /data/jenkins/workspace/GNU-toolchain/arm-12/src/gcc/configure --target=arm-none-eabi --prefix=/data/jenkins/workspace/GNU-toolchain/arm-12/build-arm-none-eabi/install --with-gmp=/data/jenkins/workspace/GNU-toolchain/arm-12/build-arm-none-eabi/host-tools --with-mpfr=/data/jenkins/workspace/GNU-toolchain/arm-12/build-arm-none-eabi/host-tools --with-mpc=/data/jenkins/workspace/GNU-toolchain/arm-12/build-arm-none-eabi/host-tools --with-isl=/data/jenkins/workspace/GNU-toolchain/arm-12/build-arm-none-eabi/host-tools --disable-shared --disable-nls --disable-threads --disable-tls --enable-checking=release --enable-languages=c,c++,fortran --with-newlib --with-gnu-as --with-gnu-ld --with-sysroot=/data/jenkins/workspace/GNU-toolchain/arm-12/build-arm-none-eabi/install/arm-none-eabi --with-multilib-list=aprofile,rmprofile --with-pkgversion='Arm GNU Toolchain 12.2.Rel1 (Build arm-12.24)' --with-bugurl=https://bugs.linaro.org/
Thread model: single
Supported LTO compression algorithms: zlib
gcc version 12.2.1 20221205 (Arm GNU Toolchain 12.2.Rel1 (Build arm-12.24)) 
COMPILER_PATH=/nix/store/290qsnq6g2ni2fjcvyjyd6gjs5m42vi5-gcc-arm-embedded-12.2.rel1/bin/../libexec/gcc/arm-none-eabi/12.2.1/:/nix/store/290qsnq6g2ni2fjcvyjyd6gjs5m42vi5-gcc-arm-embedded-12.2.rel1/bin/../libexec/gcc/:/nix/store/290qsnq6g2ni2fjcvyjyd6gjs5m42vi5-gcc-arm-embedded-12.2.rel1/bin/../lib/gcc/arm-none-eabi/12.2.1/../../../../arm-none-eabi/bin/
LIBRARY_PATH=/nix/store/290qsnq6g2ni2fjcvyjyd6gjs5m42vi5-gcc-arm-embedded-12.2.rel1/bin/../lib/gcc/arm-none-eabi/12.2.1/thumb/v6-m/nofp/:/nix/store/290qsnq6g2ni2fjcvyjyd6gjs5m42vi5-gcc-arm-embedded-12.2.rel1/bin/../lib/gcc/arm-none-eabi/12.2.1/../../../../arm-none-eabi/lib/thumb/v6-m/nofp/:/nix/store/290qsnq6g2ni2fjcvyjyd6gjs5m42vi5-gcc-arm-embedded-12.2.rel1/bin/../arm-none-eabi/lib/thumb/v6-m/nofp/:/nix/store/290qsnq6g2ni2fjcvyjyd6gjs5m42vi5-gcc-arm-embedded-12.2.rel1/bin/../lib/gcc/arm-none-eabi/12.2.1/:/nix/store/290qsnq6g2ni2fjcvyjyd6gjs5m42vi5-gcc-arm-embedded-12.2.rel1/bin/../lib/gcc/:/nix/store/290qsnq6g2ni2fjcvyjyd6gjs5m42vi5-gcc-arm-embedded-12.2.rel1/bin/../lib/gcc/arm-none-eabi/12.2.1/../../../../arm-none-eabi/lib/:/nix/store/290qsnq6g2ni2fjcvyjyd6gjs5m42vi5-gcc-arm-embedded-12.2.rel1/bin/../arm-none-eabi/lib/
COLLECT_GCC_OPTIONS='-mcpu=cortex-m0plus' '-mthumb' '-nostdlib' '-v' '-o' 'cmTC_aff06.elf' '-mfloat-abi=soft' '-mlibarch=armv6s-m' '-march=armv6s-m' '-dumpdir' 'cmTC_aff06.elf.'
 /nix/store/290qsnq6g2ni2fjcvyjyd6gjs5m42vi5-gcc-arm-embedded-12.2.rel1/bin/../libexec/gcc/arm-none-eabi/12.2.1/collect2 -plugin /nix/store/290qsnq6g2ni2fjcvyjyd6gjs5m42vi5-gcc-arm-embedded-12.2.rel1/bin/../libexec/gcc/arm-none-eabi/12.2.1/liblto_plugin.so -plugin-opt=/nix/store/290qsnq6g2ni2fjcvyjyd6gjs5m42vi5-gcc-arm-embedded-12.2.rel1/bin/../libexec/gcc/arm-none-eabi/12.2.1/lto-wrapper -plugin-opt=-fresolution=/tmp/ccmI9btO.res --sysroot=/nix/store/290qsnq6g2ni2fjcvyjyd6gjs5m42vi5-gcc-arm-embedded-12.2.rel1/bin/../arm-none-eabi -X -o cmTC_aff06.elf -L/nix/store/290qsnq6g2ni2fjcvyjyd6gjs5m42vi5-gcc-arm-embedded-12.2.rel1/bin/../lib/gcc/arm-none-eabi/12.2.1/thumb/v6-m/nofp -L/nix/store/290qsnq6g2ni2fjcvyjyd6gjs5m42vi5-gcc-arm-embedded-12.2.rel1/bin/../lib/gcc/arm-none-eabi/12.2.1/../../../../arm-none-eabi/lib/thumb/v6-m/nofp -L/nix/store/290qsnq6g2ni2fjcvyjyd6gjs5m42vi5-gcc-arm-embedded-12.2.rel1/bin/../arm-none-eabi/lib/thumb/v6-m/nofp -L/nix/store/290qsnq6g2ni2fjcvyjyd6gjs5m42vi5-gcc-arm-embedded-12.2.rel1/bin/../lib/gcc/arm-none-eabi/12.2.1 -L/nix/store/290qsnq6g2ni2fjcvyjyd6gjs5m42vi5-gcc-arm-embedded-12.2.rel1/bin/../lib/gcc -L/nix/store/290qsnq6g2ni2fjcvyjyd6gjs5m42vi5-gcc-arm-embedded-12.2.rel1/bin/../lib/gcc/arm-none-eabi/12.2.1/../../../../arm-none-eabi/lib -L/nix/store/290qsnq6g2ni2fjcvyjyd6gjs5m42vi5-gcc-arm-embedded-12.2.rel1/bin/../arm-none-eabi/lib --build-id=none CMakeFiles/cmTC_aff06.dir/CMakeCCompilerABI.c.obj
/nix/store/290qsnq6g2ni2fjcvyjyd6gjs5m42vi5-gcc-arm-embedded-12.2.rel1/bin/../lib/gcc/arm-none-eabi/12.2.1/../../../../arm-none-eabi/bin/ld: warning: cannot find entry symbol _start; defaulting to 0000000000008000
COLLECT_GCC_OPTIONS='-mcpu=cortex-m0plus' '-mthumb' '-nostdlib' '-v' '-o' 'cmTC_aff06.elf' '-mfloat-abi=soft' '-mlibarch=armv6s-m' '-march=armv6s-m' '-dumpdir' 'cmTC_aff06.elf.'
make[1]: Leaving directory '/home/volse/Nextcloud/Alles_nur_geCloud/Kreationen/Volse/BERT/build/CMakeFiles/CMakeScratch/TryCompile-oqXhv4'



Parsed C implicit include dir info from above output: rv=done
  found start of include info
  found start of implicit include info
    add: [/nix/store/290qsnq6g2ni2fjcvyjyd6gjs5m42vi5-gcc-arm-embedded-12.2.rel1/bin/../lib/gcc/arm-none-eabi/12.2.1/include]
    add: [/nix/store/290qsnq6g2ni2fjcvyjyd6gjs5m42vi5-gcc-arm-embedded-12.2.rel1/bin/../lib/gcc/arm-none-eabi/12.2.1/include-fixed]
    add: [/nix/store/290qsnq6g2ni2fjcvyjyd6gjs5m42vi5-gcc-arm-embedded-12.2.rel1/bin/../lib/gcc/arm-none-eabi/12.2.1/../../../../arm-none-eabi/include]
  end of search list found
  collapse include dir [/nix/store/290qsnq6g2ni2fjcvyjyd6gjs5m42vi5-gcc-arm-embedded-12.2.rel1/bin/../lib/gcc/arm-none-eabi/12.2.1/include] ==> [/nix/store/290qsnq6g2ni2fjcvyjyd6gjs5m42vi5-gcc-arm-embedded-12.2.rel1/lib/gcc/arm-none-eabi/12.2.1/include]
  collapse include dir [/nix/store/290qsnq6g2ni2fjcvyjyd6gjs5m42vi5-gcc-arm-embedded-12.2.rel1/bin/../lib/gcc/arm-none-eabi/12.2.1/include-fixed] ==> [/nix/store/290qsnq6g2ni2fjcvyjyd6gjs5m42vi5-gcc-arm-embedded-12.2.rel1/lib/gcc/arm-none-eabi/12.2.1/include-fixed]
  collapse include dir [/nix/store/290qsnq6g2ni2fjcvyjyd6gjs5m42vi5-gcc-arm-embedded-12.2.rel1/bin/../lib/gcc/arm-none-eabi/12.2.1/../../../../arm-none-eabi/include] ==> [/nix/store/290qsnq6g2ni2fjcvyjyd6gjs5m42vi5-gcc-arm-embedded-12.2.rel1/arm-none-eabi/include]
  implicit include dirs: [/nix/store/290qsnq6g2ni2fjcvyjyd6gjs5m42vi5-gcc-arm-embedded-12.2.rel1/lib/gcc/arm-none-eabi/12.2.1/include;/nix/store/290qsnq6g2ni2fjcvyjyd6gjs5m42vi5-gcc-arm-embedded-12.2.rel1/lib/gcc/arm-none-eabi/12.2.1/include-fixed;/nix/store/290qsnq6g2ni2fjcvyjyd6gjs5m42vi5-gcc-arm-embedded-12.2.rel1/arm-none-eabi/include]


Parsed C implicit link information from above output:
  link line regex: [^( *|.*[/\])(arm-none-eabi-ld|CMAKE_LINK_STARTFILE-NOTFOUND|([^/\]+-)?ld|collect2)[^/\]*( |$)]
  ignore line: [Change Dir: /home/volse/Nextcloud/Alles_nur_geCloud/Kreationen/Volse/BERT/build/CMakeFiles/CMakeScratch/TryCompile-oqXhv4]
  ignore line: []
  ignore line: [Run Build Command(s):/run/current-system/sw/bin/make -f Makefile cmTC_aff06/fast && /run/current-system/sw/bin/make  -f CMakeFiles/cmTC_aff06.dir/build.make CMakeFiles/cmTC_aff06.dir/build]
  ignore line: [make[1]: Entering directory '/home/volse/Nextcloud/Alles_nur_geCloud/Kreationen/Volse/BERT/build/CMakeFiles/CMakeScratch/TryCompile-oqXhv4']
  ignore line: [Building C object CMakeFiles/cmTC_aff06.dir/CMakeCCompilerABI.c.obj]
  ignore line: [/run/current-system/sw/bin/arm-none-eabi-gcc   -mcpu=cortex-m0plus -mthumb    -v -o CMakeFiles/cmTC_aff06.dir/CMakeCCompilerABI.c.obj -c /nix/store/jvcvx2kmln6iphr96y1mjgnjp15n2vz9-cmake-3.25.3/share/cmake-3.25/Modules/CMakeCCompilerABI.c]
  ignore line: [Using built-in specs.]
  ignore line: [COLLECT_GCC=/run/current-system/sw/bin/arm-none-eabi-gcc]
  ignore line: [Target: arm-none-eabi]
  ignore line: [Configured with: /data/jenkins/workspace/GNU-toolchain/arm-12/src/gcc/configure --target=arm-none-eabi --prefix=/data/jenkins/workspace/GNU-toolchain/arm-12/build-arm-none-eabi/install --with-gmp=/data/jenkins/workspace/GNU-toolchain/arm-12/build-arm-none-eabi/host-tools --with-mpfr=/data/jenkins/workspace/GNU-toolchain/arm-12/build-arm-none-eabi/host-tools --with-mpc=/data/jenkins/workspace/GNU-toolchain/arm-12/build-arm-none-eabi/host-tools --with-isl=/data/jenkins/workspace/GNU-toolchain/arm-12/build-arm-none-eabi/host-tools --disable-shared --disable-nls --disable-threads --disable-tls --enable-checking=release --enable-languages=c,c++,fortran --with-newlib --with-gnu-as --with-gnu-ld --with-sysroot=/data/jenkins/workspace/GNU-toolchain/arm-12/build-arm-none-eabi/install/arm-none-eabi --with-multilib-list=aprofile,rmprofile --with-pkgversion='Arm GNU Toolchain 12.2.Rel1 (Build arm-12.24)' --with-bugurl=https://bugs.linaro.org/]
  ignore line: [Thread model: single]
  ignore line: [Supported LTO compression algorithms: zlib]
  ignore line: [gcc version 12.2.1 20221205 (Arm GNU Toolchain 12.2.Rel1 (Build arm-12.24)) ]
  ignore line: [COLLECT_GCC_OPTIONS='-mcpu=cortex-m0plus' '-mthumb' '-v' '-o' 'CMakeFiles/cmTC_aff06.dir/CMakeCCompilerABI.c.obj' '-c' '-mfloat-abi=soft' '-mlibarch=armv6s-m' '-march=armv6s-m' '-dumpdir' 'CMakeFiles/cmTC_aff06.dir/']
  ignore line: [ /nix/store/290qsnq6g2ni2fjcvyjyd6gjs5m42vi5-gcc-arm-embedded-12.2.rel1/bin/../libexec/gcc/arm-none-eabi/12.2.1/cc1 -quiet -v -imultilib thumb/v6-m/nofp -iprefix /nix/store/290qsnq6g2ni2fjcvyjyd6gjs5m42vi5-gcc-arm-embedded-12.2.rel1/bin/../lib/gcc/arm-none-eabi/12.2.1/ -isysroot /nix/store/290qsnq6g2ni2fjcvyjyd6gjs5m42vi5-gcc-arm-embedded-12.2.rel1/bin/../arm-none-eabi -D__USES_INITFINI__ /nix/store/jvcvx2kmln6iphr96y1mjgnjp15n2vz9-cmake-3.25.3/share/cmake-3.25/Modules/CMakeCCompilerABI.c -quiet -dumpdir CMakeFiles/cmTC_aff06.dir/ -dumpbase CMakeCCompilerABI.c.c -dumpbase-ext .c -mcpu=cortex-m0plus -mthumb -mfloat-abi=soft -mlibarch=armv6s-m -march=armv6s-m -version -o /tmp/cculjqYa.s]
  ignore line: [GNU C17 (Arm GNU Toolchain 12.2.Rel1 (Build arm-12.24)) version 12.2.1 20221205 (arm-none-eabi)]
  ignore line: [	compiled by GNU C version 4.8.5 20150623 (Red Hat 4.8.5-44)  GMP version 6.2.1  MPFR version 3.1.6  MPC version 1.0.3  isl version isl-0.15-1-g835ea3a-GMP]
  ignore line: []
  ignore line: [GGC heuristics: --param ggc-min-expand=100 --param ggc-min-heapsize=131072]
  ignore line: [ignoring duplicate directory "/nix/store/290qsnq6g2ni2fjcvyjyd6gjs5m42vi5-gcc-arm-embedded-12.2.rel1/bin/../lib/gcc/../../lib/gcc/arm-none-eabi/12.2.1/include"]
  ignore line: [ignoring nonexistent directory "/nix/store/290qsnq6g2ni2fjcvyjyd6gjs5m42vi5-gcc-arm-embedded-12.2.rel1/bin/../arm-none-eabi/usr/local/include"]
  ignore line: [ignoring duplicate directory "/nix/store/290qsnq6g2ni2fjcvyjyd6gjs5m42vi5-gcc-arm-embedded-12.2.rel1/bin/../lib/gcc/../../lib/gcc/arm-none-eabi/12.2.1/include-fixed"]
  ignore line: [ignoring duplicate directory "/nix/store/290qsnq6g2ni2fjcvyjyd6gjs5m42vi5-gcc-arm-embedded-12.2.rel1/bin/../lib/gcc/../../lib/gcc/arm-none-eabi/12.2.1/../../../../arm-none-eabi/include"]
  ignore line: [ignoring nonexistent directory "/nix/store/290qsnq6g2ni2fjcvyjyd6gjs5m42vi5-gcc-arm-embedded-12.2.rel1/bin/../arm-none-eabi/usr/include"]
  ignore line: [#include "..." search starts here:]
  ignore line: [#include <...> search starts here:]
  ignore line: [ /nix/store/290qsnq6g2ni2fjcvyjyd6gjs5m42vi5-gcc-arm-embedded-12.2.rel1/bin/../lib/gcc/arm-none-eabi/12.2.1/include]
  ignore line: [ /nix/store/290qsnq6g2ni2fjcvyjyd6gjs5m42vi5-gcc-arm-embedded-12.2.rel1/bin/../lib/gcc/arm-none-eabi/12.2.1/include-fixed]
  ignore line: [ /nix/store/290qsnq6g2ni2fjcvyjyd6gjs5m42vi5-gcc-arm-embedded-12.2.rel1/bin/../lib/gcc/arm-none-eabi/12.2.1/../../../../arm-none-eabi/include]
  ignore line: [End of search list.]
  ignore line: [GNU C17 (Arm GNU Toolchain 12.2.Rel1 (Build arm-12.24)) version 12.2.1 20221205 (arm-none-eabi)]
  ignore line: [	compiled by GNU C version 4.8.5 20150623 (Red Hat 4.8.5-44)  GMP version 6.2.1  MPFR version 3.1.6  MPC version 1.0.3  isl version isl-0.15-1-g835ea3a-GMP]
  ignore line: []
  ignore line: [GGC heuristics: --param ggc-min-expand=100 --param ggc-min-heapsize=131072]
  ignore line: [Compiler executable checksum: f168295002905d7c051350240df03ac6]
  ignore line: [COLLECT_GCC_OPTIONS='-mcpu=cortex-m0plus' '-mthumb' '-v' '-o' 'CMakeFiles/cmTC_aff06.dir/CMakeCCompilerABI.c.obj' '-c' '-mfloat-abi=soft' '-mlibarch=armv6s-m' '-march=armv6s-m' '-dumpdir' 'CMakeFiles/cmTC_aff06.dir/']
  ignore line: [ /nix/store/290qsnq6g2ni2fjcvyjyd6gjs5m42vi5-gcc-arm-embedded-12.2.rel1/bin/../lib/gcc/arm-none-eabi/12.2.1/../../../../arm-none-eabi/bin/as -v -march=armv6s-m -mfloat-abi=soft -meabi=5 -o CMakeFiles/cmTC_aff06.dir/CMakeCCompilerABI.c.obj /tmp/cculjqYa.s]
  ignore line: [GNU assembler version 2.39.0 (arm-none-eabi) using BFD version (Arm GNU Toolchain 12.2.Rel1 (Build arm-12.24)) 2.39.0.20221210]
  ignore line: [COMPILER_PATH=/nix/store/290qsnq6g2ni2fjcvyjyd6gjs5m42vi5-gcc-arm-embedded-12.2.rel1/bin/../libexec/gcc/arm-none-eabi/12.2.1/:/nix/store/290qsnq6g2ni2fjcvyjyd6gjs5m42vi5-gcc-arm-embedded-12.2.rel1/bin/../libexec/gcc/:/nix/store/290qsnq6g2ni2fjcvyjyd6gjs5m42vi5-gcc-arm-embedded-12.2.rel1/bin/../lib/gcc/arm-none-eabi/12.2.1/../../../../arm-none-eabi/bin/]
  ignore line: [LIBRARY_PATH=/nix/store/290qsnq6g2ni2fjcvyjyd6gjs5m42vi5-gcc-arm-embedded-12.2.rel1/bin/../lib/gcc/arm-none-eabi/12.2.1/thumb/v6-m/nofp/:/nix/store/290qsnq6g2ni2fjcvyjyd6gjs5m42vi5-gcc-arm-embedded-12.2.rel1/bin/../lib/gcc/arm-none-eabi/12.2.1/../../../../arm-none-eabi/lib/thumb/v6-m/nofp/:/nix/store/290qsnq6g2ni2fjcvyjyd6gjs5m42vi5-gcc-arm-embedded-12.2.rel1/bin/../arm-none-eabi/lib/thumb/v6-m/nofp/:/nix/store/290qsnq6g2ni2fjcvyjyd6gjs5m42vi5-gcc-arm-embedded-12.2.rel1/bin/../lib/gcc/arm-none-eabi/12.2.1/:/nix/store/290qsnq6g2ni2fjcvyjyd6gjs5m42vi5-gcc-arm-embedded-12.2.rel1/bin/../lib/gcc/:/nix/store/290qsnq6g2ni2fjcvyjyd6gjs5m42vi5-gcc-arm-embedded-12.2.rel1/bin/../lib/gcc/arm-none-eabi/12.2.1/../../../../arm-none-eabi/lib/:/nix/store/290qsnq6g2ni2fjcvyjyd6gjs5m42vi5-gcc-arm-embedded-12.2.rel1/bin/../arm-none-eabi/lib/]
  ignore line: [COLLECT_GCC_OPTIONS='-mcpu=cortex-m0plus' '-mthumb' '-v' '-o' 'CMakeFiles/cmTC_aff06.dir/CMakeCCompilerABI.c.obj' '-c' '-mfloat-abi=soft' '-mlibarch=armv6s-m' '-march=armv6s-m' '-dumpdir' 'CMakeFiles/cmTC_aff06.dir/CMakeCCompilerABI.c.']
  ignore line: [Linking C executable cmTC_aff06.elf]
  ignore line: [/nix/store/jvcvx2kmln6iphr96y1mjgnjp15n2vz9-cmake-3.25.3/bin/cmake -E cmake_link_script CMakeFiles/cmTC_aff06.dir/link.txt --verbose=1]
  ignore line: [/run/current-system/sw/bin/arm-none-eabi-gcc -mcpu=cortex-m0plus -mthumb  -Wl --build-id=none -nostdlib  -v CMakeFiles/cmTC_aff06.dir/CMakeCCompilerABI.c.obj -o cmTC_aff06.elf ]
  ignore line: [Using built-in specs.]
  ignore line: [COLLECT_GCC=/run/current-system/sw/bin/arm-none-eabi-gcc]
  ignore line: [COLLECT_LTO_WRAPPER=/nix/store/290qsnq6g2ni2fjcvyjyd6gjs5m42vi5-gcc-arm-embedded-12.2.rel1/bin/../libexec/gcc/arm-none-eabi/12.2.1/lto-wrapper]
  ignore line: [Target: arm-none-eabi]
  ignore line: [Configured with: /data/jenkins/workspace/GNU-toolchain/arm-12/src/gcc/configure --target=arm-none-eabi --prefix=/data/jenkins/workspace/GNU-toolchain/arm-12/build-arm-none-eabi/install --with-gmp=/data/jenkins/workspace/GNU-toolchain/arm-12/build-arm-none-eabi/host-tools --with-mpfr=/data/jenkins/workspace/GNU-toolchain/arm-12/build-arm-none-eabi/host-tools --with-mpc=/data/jenkins/workspace/GNU-toolchain/arm-12/build-arm-none-eabi/host-tools --with-isl=/data/jenkins/workspace/GNU-toolchain/arm-12/build-arm-none-eabi/host-tools --disable-shared --disable-nls --disable-threads --disable-tls --enable-checking=release --enable-languages=c,c++,fortran --with-newlib --with-gnu-as --with-gnu-ld --with-sysroot=/data/jenkins/workspace/GNU-toolchain/arm-12/build-arm-none-eabi/install/arm-none-eabi --with-multilib-list=aprofile,rmprofile --with-pkgversion='Arm GNU Toolchain 12.2.Rel1 (Build arm-12.24)' --with-bugurl=https://bugs.linaro.org/]
  ignore line: [Thread model: single]
  ignore line: [Supported LTO compression algorithms: zlib]
  ignore line: [gcc version 12.2.1 20221205 (Arm GNU Toolchain 12.2.Rel1 (Build arm-12.24)) ]
  ignore line: [COMPILER_PATH=/nix/store/290qsnq6g2ni2fjcvyjyd6gjs5m42vi5-gcc-arm-embedded-12.2.rel1/bin/../libexec/gcc/arm-none-eabi/12.2.1/:/nix/store/290qsnq6g2ni2fjcvyjyd6gjs5m42vi5-gcc-arm-embedded-12.2.rel1/bin/../libexec/gcc/:/nix/store/290qsnq6g2ni2fjcvyjyd6gjs5m42vi5-gcc-arm-embedded-12.2.rel1/bin/../lib/gcc/arm-none-eabi/12.2.1/../../../../arm-none-eabi/bin/]
  ignore line: [LIBRARY_PATH=/nix/store/290qsnq6g2ni2fjcvyjyd6gjs5m42vi5-gcc-arm-embedded-12.2.rel1/bin/../lib/gcc/arm-none-eabi/12.2.1/thumb/v6-m/nofp/:/nix/store/290qsnq6g2ni2fjcvyjyd6gjs5m42vi5-gcc-arm-embedded-12.2.rel1/bin/../lib/gcc/arm-none-eabi/12.2.1/../../../../arm-none-eabi/lib/thumb/v6-m/nofp/:/nix/store/290qsnq6g2ni2fjcvyjyd6gjs5m42vi5-gcc-arm-embedded-12.2.rel1/bin/../arm-none-eabi/lib/thumb/v6-m/nofp/:/nix/store/290qsnq6g2ni2fjcvyjyd6gjs5m42vi5-gcc-arm-embedded-12.2.rel1/bin/../lib/gcc/arm-none-eabi/12.2.1/:/nix/store/290qsnq6g2ni2fjcvyjyd6gjs5m42vi5-gcc-arm-embedded-12.2.rel1/bin/../lib/gcc/:/nix/store/290qsnq6g2ni2fjcvyjyd6gjs5m42vi5-gcc-arm-embedded-12.2.rel1/bin/../lib/gcc/arm-none-eabi/12.2.1/../../../../arm-none-eabi/lib/:/nix/store/290qsnq6g2ni2fjcvyjyd6gjs5m42vi5-gcc-arm-embedded-12.2.rel1/bin/../arm-none-eabi/lib/]
  ignore line: [COLLECT_GCC_OPTIONS='-mcpu=cortex-m0plus' '-mthumb' '-nostdlib' '-v' '-o' 'cmTC_aff06.elf' '-mfloat-abi=soft' '-mlibarch=armv6s-m' '-march=armv6s-m' '-dumpdir' 'cmTC_aff06.elf.']
  link line: [ /nix/store/290qsnq6g2ni2fjcvyjyd6gjs5m42vi5-gcc-arm-embedded-12.2.rel1/bin/../libexec/gcc/arm-none-eabi/12.2.1/collect2 -plugin /nix/store/290qsnq6g2ni2fjcvyjyd6gjs5m42vi5-gcc-arm-embedded-12.2.rel1/bin/../libexec/gcc/arm-none-eabi/12.2.1/liblto_plugin.so -plugin-opt=/nix/store/290qsnq6g2ni2fjcvyjyd6gjs5m42vi5-gcc-arm-embedded-12.2.rel1/bin/../libexec/gcc/arm-none-eabi/12.2.1/lto-wrapper -plugin-opt=-fresolution=/tmp/ccmI9btO.res --sysroot=/nix/store/290qsnq6g2ni2fjcvyjyd6gjs5m42vi5-gcc-arm-embedded-12.2.rel1/bin/../arm-none-eabi -X -o cmTC_aff06.elf -L/nix/store/290qsnq6g2ni2fjcvyjyd6gjs5m42vi5-gcc-arm-embedded-12.2.rel1/bin/../lib/gcc/arm-none-eabi/12.2.1/thumb/v6-m/nofp -L/nix/store/290qsnq6g2ni2fjcvyjyd6gjs5m42vi5-gcc-arm-embedded-12.2.rel1/bin/../lib/gcc/arm-none-eabi/12.2.1/../../../../arm-none-eabi/lib/thumb/v6-m/nofp -L/nix/store/290qsnq6g2ni2fjcvyjyd6gjs5m42vi5-gcc-arm-embedded-12.2.rel1/bin/../arm-none-eabi/lib/thumb/v6-m/nofp -L/nix/store/290qsnq6g2ni2fjcvyjyd6gjs5m42vi5-gcc-arm-embedded-12.2.rel1/bin/../lib/gcc/arm-none-eabi/12.2.1 -L/nix/store/290qsnq6g2ni2fjcvyjyd6gjs5m42vi5-gcc-arm-embedded-12.2.rel1/bin/../lib/gcc -L/nix/store/290qsnq6g2ni2fjcvyjyd6gjs5m42vi5-gcc-arm-embedded-12.2.rel1/bin/../lib/gcc/arm-none-eabi/12.2.1/../../../../arm-none-eabi/lib -L/nix/store/290qsnq6g2ni2fjcvyjyd6gjs5m42vi5-gcc-arm-embedded-12.2.rel1/bin/../arm-none-eabi/lib --build-id=none CMakeFiles/cmTC_aff06.dir/CMakeCCompilerABI.c.obj]
    arg [/nix/store/290qsnq6g2ni2fjcvyjyd6gjs5m42vi5-gcc-arm-embedded-12.2.rel1/bin/../libexec/gcc/arm-none-eabi/12.2.1/collect2] ==> ignore
    arg [-plugin] ==> ignore
    arg [/nix/store/290qsnq6g2ni2fjcvyjyd6gjs5m42vi5-gcc-arm-embedded-12.2.rel1/bin/../libexec/gcc/arm-none-eabi/12.2.1/liblto_plugin.so] ==> ignore
    arg [-plugin-opt=/nix/store/290qsnq6g2ni2fjcvyjyd6gjs5m42vi5-gcc-arm-embedded-12.2.rel1/bin/../libexec/gcc/arm-none-eabi/12.2.1/lto-wrapper] ==> ignore
    arg [-plugin-opt=-fresolution=/tmp/ccmI9btO.res] ==> ignore
    arg [--sysroot=/nix/store/290qsnq6g2ni2fjcvyjyd6gjs5m42vi5-gcc-arm-embedded-12.2.rel1/bin/../arm-none-eabi] ==> ignore
    arg [-X] ==> ignore
    arg [-o] ==> ignore
    arg [cmTC_aff06.elf] ==> ignore
    arg [-L/nix/store/290qsnq6g2ni2fjcvyjyd6gjs5m42vi5-gcc-arm-embedded-12.2.rel1/bin/../lib/gcc/arm-none-eabi/12.2.1/thumb/v6-m/nofp] ==> dir [/nix/store/290qsnq6g2ni2fjcvyjyd6gjs5m42vi5-gcc-arm-embedded-12.2.rel1/bin/../lib/gcc/arm-none-eabi/12.2.1/thumb/v6-m/nofp]
    arg [-L/nix/store/290qsnq6g2ni2fjcvyjyd6gjs5m42vi5-gcc-arm-embedded-12.2.rel1/bin/../lib/gcc/arm-none-eabi/12.2.1/../../../../arm-none-eabi/lib/thumb/v6-m/nofp] ==> dir [/nix/store/290qsnq6g2ni2fjcvyjyd6gjs5m42vi5-gcc-arm-embedded-12.2.rel1/bin/../lib/gcc/arm-none-eabi/12.2.1/../../../../arm-none-eabi/lib/thumb/v6-m/nofp]
    arg [-L/nix/store/290qsnq6g2ni2fjcvyjyd6gjs5m42vi5-gcc-arm-embedded-12.2.rel1/bin/../arm-none-eabi/lib/thumb/v6-m/nofp] ==> dir [/nix/store/290qsnq6g2ni2fjcvyjyd6gjs5m42vi5-gcc-arm-embedded-12.2.rel1/bin/../arm-none-eabi/lib/thumb/v6-m/nofp]
    arg [-L/nix/store/290qsnq6g2ni2fjcvyjyd6gjs5m42vi5-gcc-arm-embedded-12.2.rel1/bin/../lib/gcc/arm-none-eabi/12.2.1] ==> dir [/nix/store/290qsnq6g2ni2fjcvyjyd6gjs5m42vi5-gcc-arm-embedded-12.2.rel1/bin/../lib/gcc/arm-none-eabi/12.2.1]
    arg [-L/nix/store/290qsnq6g2ni2fjcvyjyd6gjs5m42vi5-gcc-arm-embedded-12.2.rel1/bin/../lib/gcc] ==> dir [/nix/store/290qsnq6g2ni2fjcvyjyd6gjs5m42vi5-gcc-arm-embedded-12.2.rel1/bin/../lib/gcc]
    arg [-L/nix/store/290qsnq6g2ni2fjcvyjyd6gjs5m42vi5-gcc-arm-embedded-12.2.rel1/bin/../lib/gcc/arm-none-eabi/12.2.1/../../../../arm-none-eabi/lib] ==> dir [/nix/store/290qsnq6g2ni2fjcvyjyd6gjs5m42vi5-gcc-arm-embedded-12.2.rel1/bin/../lib/gcc/arm-none-eabi/12.2.1/../../../../arm-none-eabi/lib]
    arg [-L/nix/store/290qsnq6g2ni2fjcvyjyd6gjs5m42vi5-gcc-arm-embedded-12.2.rel1/bin/../arm-none-eabi/lib] ==> dir [/nix/store/290qsnq6g2ni2fjcvyjyd6gjs5m42vi5-gcc-arm-embedded-12.2.rel1/bin/../arm-none-eabi/lib]
    arg [--build-id=none] ==> ignore
    arg [CMakeFiles/cmTC_aff06.dir/CMakeCCompilerABI.c.obj] ==> ignore
  collapse library dir [/nix/store/290qsnq6g2ni2fjcvyjyd6gjs5m42vi5-gcc-arm-embedded-12.2.rel1/bin/../lib/gcc/arm-none-eabi/12.2.1/thumb/v6-m/nofp] ==> [/nix/store/290qsnq6g2ni2fjcvyjyd6gjs5m42vi5-gcc-arm-embedded-12.2.rel1/lib/gcc/arm-none-eabi/12.2.1/thumb/v6-m/nofp]
  collapse library dir [/nix/store/290qsnq6g2ni2fjcvyjyd6gjs5m42vi5-gcc-arm-embedded-12.2.rel1/bin/../lib/gcc/arm-none-eabi/12.2.1/../../../../arm-none-eabi/lib/thumb/v6-m/nofp] ==> [/nix/store/290qsnq6g2ni2fjcvyjyd6gjs5m42vi5-gcc-arm-embedded-12.2.rel1/arm-none-eabi/lib/thumb/v6-m/nofp]
  collapse library dir [/nix/store/290qsnq6g2ni2fjcvyjyd6gjs5m42vi5-gcc-arm-embedded-12.2.rel1/bin/../arm-none-eabi/lib/thumb/v6-m/nofp] ==> [/nix/store/290qsnq6g2ni2fjcvyjyd6gjs5m42vi5-gcc-arm-embedded-12.2.rel1/arm-none-eabi/lib/thumb/v6-m/nofp]
  collapse library dir [/nix/store/290qsnq6g2ni2fjcvyjyd6gjs5m42vi5-gcc-arm-embedded-12.2.rel1/bin/../lib/gcc/arm-none-eabi/12.2.1] ==> [/nix/store/290qsnq6g2ni2fjcvyjyd6gjs5m42vi5-gcc-arm-embedded-12.2.rel1/lib/gcc/arm-none-eabi/12.2.1]
  collapse library dir [/nix/store/290qsnq6g2ni2fjcvyjyd6gjs5m42vi5-gcc-arm-embedded-12.2.rel1/bin/../lib/gcc] ==> [/nix/store/290qsnq6g2ni2fjcvyjyd6gjs5m42vi5-gcc-arm-embedded-12.2.rel1/lib/gcc]
  collapse library dir [/nix/store/290qsnq6g2ni2fjcvyjyd6gjs5m42vi5-gcc-arm-embedded-12.2.rel1/bin/../lib/gcc/arm-none-eabi/12.2.1/../../../../arm-none-eabi/lib] ==> [/nix/store/290qsnq6g2ni2fjcvyjyd6gjs5m42vi5-gcc-arm-embedded-12.2.rel1/arm-none-eabi/lib]
  collapse library dir [/nix/store/290qsnq6g2ni2fjcvyjyd6gjs5m42vi5-gcc-arm-embedded-12.2.rel1/bin/../arm-none-eabi/lib] ==> [/nix/store/290qsnq6g2ni2fjcvyjyd6gjs5m42vi5-gcc-arm-embedded-12.2.rel1/arm-none-eabi/lib]
  implicit libs: []
  implicit objs: []
  implicit dirs: [/nix/store/290qsnq6g2ni2fjcvyjyd6gjs5m42vi5-gcc-arm-embedded-12.2.rel1/lib/gcc/arm-none-eabi/12.2.1/thumb/v6-m/nofp;/nix/store/290qsnq6g2ni2fjcvyjyd6gjs5m42vi5-gcc-arm-embedded-12.2.rel1/arm-none-eabi/lib/thumb/v6-m/nofp;/nix/store/290qsnq6g2ni2fjcvyjyd6gjs5m42vi5-gcc-arm-embedded-12.2.rel1/lib/gcc/arm-none-eabi/12.2.1;/nix/store/290qsnq6g2ni2fjcvyjyd6gjs5m42vi5-gcc-arm-embedded-12.2.rel1/lib/gcc;/nix/store/290qsnq6g2ni2fjcvyjyd6gjs5m42vi5-gcc-arm-embedded-12.2.rel1/arm-none-eabi/lib]
  implicit fwks: []


Detecting CXX compiler ABI info compiled with the following output:
Change Dir: /home/volse/Nextcloud/Alles_nur_geCloud/Kreationen/Volse/BERT/build/CMakeFiles/CMakeScratch/TryCompile-cF0xql

Run Build Command(s):/run/current-system/sw/bin/make -f Makefile cmTC_5739e/fast && /run/current-system/sw/bin/make  -f CMakeFiles/cmTC_5739e.dir/build.make CMakeFiles/cmTC_5739e.dir/build
make[1]: Entering directory '/home/volse/Nextcloud/Alles_nur_geCloud/Kreationen/Volse/BERT/build/CMakeFiles/CMakeScratch/TryCompile-cF0xql'
Building CXX object CMakeFiles/cmTC_5739e.dir/CMakeCXXCompilerABI.cpp.obj
/run/current-system/sw/bin/arm-none-eabi-g++   -mcpu=cortex-m0plus -mthumb    -v -o CMakeFiles/cmTC_5739e.dir/CMakeCXXCompilerABI.cpp.obj -c /nix/store/jvcvx2kmln6iphr96y1mjgnjp15n2vz9-cmake-3.25.3/share/cmake-3.25/Modules/CMakeCXXCompilerABI.cpp
Using built-in specs.
COLLECT_GCC=/run/current-system/sw/bin/arm-none-eabi-g++
Target: arm-none-eabi
Configured with: /data/jenkins/workspace/GNU-toolchain/arm-12/src/gcc/configure --target=arm-none-eabi --prefix=/data/jenkins/workspace/GNU-toolchain/arm-12/build-arm-none-eabi/install --with-gmp=/data/jenkins/workspace/GNU-toolchain/arm-12/build-arm-none-eabi/host-tools --with-mpfr=/data/jenkins/workspace/GNU-toolchain/arm-12/build-arm-none-eabi/host-tools --with-mpc=/data/jenkins/workspace/GNU-toolchain/arm-12/build-arm-none-eabi/host-tools --with-isl=/data/jenkins/workspace/GNU-toolchain/arm-12/build-arm-none-eabi/host-tools --disable-shared --disable-nls --disable-threads --disable-tls --enable-checking=release --enable-languages=c,c++,fortran --with-newlib --with-gnu-as --with-gnu-ld --with-sysroot=/data/jenkins/workspace/GNU-toolchain/arm-12/build-arm-none-eabi/install/arm-none-eabi --with-multilib-list=aprofile,rmprofile --with-pkgversion='Arm GNU Toolchain 12.2.Rel1 (Build arm-12.24)' --with-bugurl=https://bugs.linaro.org/
Thread model: single
Supported LTO compression algorithms: zlib
gcc version 12.2.1 20221205 (Arm GNU Toolchain 12.2.Rel1 (Build arm-12.24)) 
COLLECT_GCC_OPTIONS='-mcpu=cortex-m0plus' '-mthumb' '-v' '-o' 'CMakeFiles/cmTC_5739e.dir/CMakeCXXCompilerABI.cpp.obj' '-c' '-mfloat-abi=soft' '-mlibarch=armv6s-m' '-march=armv6s-m' '-dumpdir' 'CMakeFiles/cmTC_5739e.dir/'
 /nix/store/290qsnq6g2ni2fjcvyjyd6gjs5m42vi5-gcc-arm-embedded-12.2.rel1/bin/../libexec/gcc/arm-none-eabi/12.2.1/cc1plus -quiet -v -imultilib thumb/v6-m/nofp -iprefix /nix/store/290qsnq6g2ni2fjcvyjyd6gjs5m42vi5-gcc-arm-embedded-12.2.rel1/bin/../lib/gcc/arm-none-eabi/12.2.1/ -isysroot /nix/store/290qsnq6g2ni2fjcvyjyd6gjs5m42vi5-gcc-arm-embedded-12.2.rel1/bin/../arm-none-eabi -D__USES_INITFINI__ /nix/store/jvcvx2kmln6iphr96y1mjgnjp15n2vz9-cmake-3.25.3/share/cmake-3.25/Modules/CMakeCXXCompilerABI.cpp -quiet -dumpdir CMakeFiles/cmTC_5739e.dir/ -dumpbase CMakeCXXCompilerABI.cpp.cpp -dumpbase-ext .cpp -mcpu=cortex-m0plus -mthumb -mfloat-abi=soft -mlibarch=armv6s-m -march=armv6s-m -version -o /tmp/ccuTcdAC.s
GNU C++17 (Arm GNU Toolchain 12.2.Rel1 (Build arm-12.24)) version 12.2.1 20221205 (arm-none-eabi)
	compiled by GNU C version 4.8.5 20150623 (Red Hat 4.8.5-44), GMP version 6.2.1, MPFR version 3.1.6, MPC version 1.0.3, isl version isl-0.15-1-g835ea3a-GMP

GGC heuristics: --param ggc-min-expand=100 --param ggc-min-heapsize=131072
ignoring duplicate directory "/nix/store/290qsnq6g2ni2fjcvyjyd6gjs5m42vi5-gcc-arm-embedded-12.2.rel1/bin/../lib/gcc/../../lib/gcc/arm-none-eabi/12.2.1/../../../../arm-none-eabi/include/c++/12.2.1"
ignoring duplicate directory "/nix/store/290qsnq6g2ni2fjcvyjyd6gjs5m42vi5-gcc-arm-embedded-12.2.rel1/bin/../lib/gcc/../../lib/gcc/arm-none-eabi/12.2.1/../../../../arm-none-eabi/include/c++/12.2.1/arm-none-eabi/thumb/v6-m/nofp"
ignoring duplicate directory "/nix/store/290qsnq6g2ni2fjcvyjyd6gjs5m42vi5-gcc-arm-embedded-12.2.rel1/bin/../lib/gcc/../../lib/gcc/arm-none-eabi/12.2.1/../../../../arm-none-eabi/include/c++/12.2.1/backward"
ignoring duplicate directory "/nix/store/290qsnq6g2ni2fjcvyjyd6gjs5m42vi5-gcc-arm-embedded-12.2.rel1/bin/../lib/gcc/../../lib/gcc/arm-none-eabi/12.2.1/include"
ignoring nonexistent directory "/nix/store/290qsnq6g2ni2fjcvyjyd6gjs5m42vi5-gcc-arm-embedded-12.2.rel1/bin/../arm-none-eabi/usr/local/include"
ignoring duplicate directory "/nix/store/290qsnq6g2ni2fjcvyjyd6gjs5m42vi5-gcc-arm-embedded-12.2.rel1/bin/../lib/gcc/../../lib/gcc/arm-none-eabi/12.2.1/include-fixed"
ignoring duplicate directory "/nix/store/290qsnq6g2ni2fjcvyjyd6gjs5m42vi5-gcc-arm-embedded-12.2.rel1/bin/../lib/gcc/../../lib/gcc/arm-none-eabi/12.2.1/../../../../arm-none-eabi/include"
ignoring nonexistent directory "/nix/store/290qsnq6g2ni2fjcvyjyd6gjs5m42vi5-gcc-arm-embedded-12.2.rel1/bin/../arm-none-eabi/usr/include"
#include "..." search starts here:
#include <...> search starts here:
 /nix/store/290qsnq6g2ni2fjcvyjyd6gjs5m42vi5-gcc-arm-embedded-12.2.rel1/bin/../lib/gcc/arm-none-eabi/12.2.1/../../../../arm-none-eabi/include/c++/12.2.1
 /nix/store/290qsnq6g2ni2fjcvyjyd6gjs5m42vi5-gcc-arm-embedded-12.2.rel1/bin/../lib/gcc/arm-none-eabi/12.2.1/../../../../arm-none-eabi/include/c++/12.2.1/arm-none-eabi/thumb/v6-m/nofp
 /nix/store/290qsnq6g2ni2fjcvyjyd6gjs5m42vi5-gcc-arm-embedded-12.2.rel1/bin/../lib/gcc/arm-none-eabi/12.2.1/../../../../arm-none-eabi/include/c++/12.2.1/backward
 /nix/store/290qsnq6g2ni2fjcvyjyd6gjs5m42vi5-gcc-arm-embedded-12.2.rel1/bin/../lib/gcc/arm-none-eabi/12.2.1/include
 /nix/store/290qsnq6g2ni2fjcvyjyd6gjs5m42vi5-gcc-arm-embedded-12.2.rel1/bin/../lib/gcc/arm-none-eabi/12.2.1/include-fixed
 /nix/store/290qsnq6g2ni2fjcvyjyd6gjs5m42vi5-gcc-arm-embedded-12.2.rel1/bin/../lib/gcc/arm-none-eabi/12.2.1/../../../../arm-none-eabi/include
End of search list.
GNU C++17 (Arm GNU Toolchain 12.2.Rel1 (Build arm-12.24)) version 12.2.1 20221205 (arm-none-eabi)
	compiled by GNU C version 4.8.5 20150623 (Red Hat 4.8.5-44), GMP version 6.2.1, MPFR version 3.1.6, MPC version 1.0.3, isl version isl-0.15-1-g835ea3a-GMP

GGC heuristics: --param ggc-min-expand=100 --param ggc-min-heapsize=131072
Compiler executable checksum: 1739522f0a9e455162f7f995fd318a21
COLLECT_GCC_OPTIONS='-mcpu=cortex-m0plus' '-mthumb' '-v' '-o' 'CMakeFiles/cmTC_5739e.dir/CMakeCXXCompilerABI.cpp.obj' '-c' '-mfloat-abi=soft' '-mlibarch=armv6s-m' '-march=armv6s-m' '-dumpdir' 'CMakeFiles/cmTC_5739e.dir/'
 /nix/store/290qsnq6g2ni2fjcvyjyd6gjs5m42vi5-gcc-arm-embedded-12.2.rel1/bin/../lib/gcc/arm-none-eabi/12.2.1/../../../../arm-none-eabi/bin/as -v -march=armv6s-m -mfloat-abi=soft -meabi=5 -o CMakeFiles/cmTC_5739e.dir/CMakeCXXCompilerABI.cpp.obj /tmp/ccuTcdAC.s
GNU assembler version 2.39.0 (arm-none-eabi) using BFD version (Arm GNU Toolchain 12.2.Rel1 (Build arm-12.24)) 2.39.0.20221210
COMPILER_PATH=/nix/store/290qsnq6g2ni2fjcvyjyd6gjs5m42vi5-gcc-arm-embedded-12.2.rel1/bin/../libexec/gcc/arm-none-eabi/12.2.1/:/nix/store/290qsnq6g2ni2fjcvyjyd6gjs5m42vi5-gcc-arm-embedded-12.2.rel1/bin/../libexec/gcc/:/nix/store/290qsnq6g2ni2fjcvyjyd6gjs5m42vi5-gcc-arm-embedded-12.2.rel1/bin/../lib/gcc/arm-none-eabi/12.2.1/../../../../arm-none-eabi/bin/
LIBRARY_PATH=/nix/store/290qsnq6g2ni2fjcvyjyd6gjs5m42vi5-gcc-arm-embedded-12.2.rel1/bin/../lib/gcc/arm-none-eabi/12.2.1/thumb/v6-m/nofp/:/nix/store/290qsnq6g2ni2fjcvyjyd6gjs5m42vi5-gcc-arm-embedded-12.2.rel1/bin/../lib/gcc/arm-none-eabi/12.2.1/../../../../arm-none-eabi/lib/thumb/v6-m/nofp/:/nix/store/290qsnq6g2ni2fjcvyjyd6gjs5m42vi5-gcc-arm-embedded-12.2.rel1/bin/../arm-none-eabi/lib/thumb/v6-m/nofp/:/nix/store/290qsnq6g2ni2fjcvyjyd6gjs5m42vi5-gcc-arm-embedded-12.2.rel1/bin/../lib/gcc/arm-none-eabi/12.2.1/:/nix/store/290qsnq6g2ni2fjcvyjyd6gjs5m42vi5-gcc-arm-embedded-12.2.rel1/bin/../lib/gcc/:/nix/store/290qsnq6g2ni2fjcvyjyd6gjs5m42vi5-gcc-arm-embedded-12.2.rel1/bin/../lib/gcc/arm-none-eabi/12.2.1/../../../../arm-none-eabi/lib/:/nix/store/290qsnq6g2ni2fjcvyjyd6gjs5m42vi5-gcc-arm-embedded-12.2.rel1/bin/../arm-none-eabi/lib/
COLLECT_GCC_OPTIONS='-mcpu=cortex-m0plus' '-mthumb' '-v' '-o' 'CMakeFiles/cmTC_5739e.dir/CMakeCXXCompilerABI.cpp.obj' '-c' '-mfloat-abi=soft' '-mlibarch=armv6s-m' '-march=armv6s-m' '-dumpdir' 'CMakeFiles/cmTC_5739e.dir/CMakeCXXCompilerABI.cpp.'
Linking CXX executable cmTC_5739e.elf
/nix/store/jvcvx2kmln6iphr96y1mjgnjp15n2vz9-cmake-3.25.3/bin/cmake -E cmake_link_script CMakeFiles/cmTC_5739e.dir/link.txt --verbose=1
/run/current-system/sw/bin/arm-none-eabi-g++ -mcpu=cortex-m0plus -mthumb  -Wl,--build-id=none -nostdlib  -v CMakeFiles/cmTC_5739e.dir/CMakeCXXCompilerABI.cpp.obj -o cmTC_5739e.elf 
Using built-in specs.
COLLECT_GCC=/run/current-system/sw/bin/arm-none-eabi-g++
COLLECT_LTO_WRAPPER=/nix/store/290qsnq6g2ni2fjcvyjyd6gjs5m42vi5-gcc-arm-embedded-12.2.rel1/bin/../libexec/gcc/arm-none-eabi/12.2.1/lto-wrapper
Target: arm-none-eabi
Configured with: /data/jenkins/workspace/GNU-toolchain/arm-12/src/gcc/configure --target=arm-none-eabi --prefix=/data/jenkins/workspace/GNU-toolchain/arm-12/build-arm-none-eabi/install --with-gmp=/data/jenkins/workspace/GNU-toolchain/arm-12/build-arm-none-eabi/host-tools --with-mpfr=/data/jenkins/workspace/GNU-toolchain/arm-12/build-arm-none-eabi/host-tools --with-mpc=/data/jenkins/workspace/GNU-toolchain/arm-12/build-arm-none-eabi/host-tools --with-isl=/data/jenkins/workspace/GNU-toolchain/arm-12/build-arm-none-eabi/host-tools --disable-shared --disable-nls --disable-threads --disable-tls --enable-checking=release --enable-languages=c,c++,fortran --with-newlib --with-gnu-as --with-gnu-ld --with-sysroot=/data/jenkins/workspace/GNU-toolchain/arm-12/build-arm-none-eabi/install/arm-none-eabi --with-multilib-list=aprofile,rmprofile --with-pkgversion='Arm GNU Toolchain 12.2.Rel1 (Build arm-12.24)' --with-bugurl=https://bugs.linaro.org/
Thread model: single
Supported LTO compression algorithms: zlib
gcc version 12.2.1 20221205 (Arm GNU Toolchain 12.2.Rel1 (Build arm-12.24)) 
COMPILER_PATH=/nix/store/290qsnq6g2ni2fjcvyjyd6gjs5m42vi5-gcc-arm-embedded-12.2.rel1/bin/../libexec/gcc/arm-none-eabi/12.2.1/:/nix/store/290qsnq6g2ni2fjcvyjyd6gjs5m42vi5-gcc-arm-embedded-12.2.rel1/bin/../libexec/gcc/:/nix/store/290qsnq6g2ni2fjcvyjyd6gjs5m42vi5-gcc-arm-embedded-12.2.rel1/bin/../lib/gcc/arm-none-eabi/12.2.1/../../../../arm-none-eabi/bin/
LIBRARY_PATH=/nix/store/290qsnq6g2ni2fjcvyjyd6gjs5m42vi5-gcc-arm-embedded-12.2.rel1/bin/../lib/gcc/arm-none-eabi/12.2.1/thumb/v6-m/nofp/:/nix/store/290qsnq6g2ni2fjcvyjyd6gjs5m42vi5-gcc-arm-embedded-12.2.rel1/bin/../lib/gcc/arm-none-eabi/12.2.1/../../../../arm-none-eabi/lib/thumb/v6-m/nofp/:/nix/store/290qsnq6g2ni2fjcvyjyd6gjs5m42vi5-gcc-arm-embedded-12.2.rel1/bin/../arm-none-eabi/lib/thumb/v6-m/nofp/:/nix/store/290qsnq6g2ni2fjcvyjyd6gjs5m42vi5-gcc-arm-embedded-12.2.rel1/bin/../lib/gcc/arm-none-eabi/12.2.1/:/nix/store/290qsnq6g2ni2fjcvyjyd6gjs5m42vi5-gcc-arm-embedded-12.2.rel1/bin/../lib/gcc/:/nix/store/290qsnq6g2ni2fjcvyjyd6gjs5m42vi5-gcc-arm-embedded-12.2.rel1/bin/../lib/gcc/arm-none-eabi/12.2.1/../../../../arm-none-eabi/lib/:/nix/store/290qsnq6g2ni2fjcvyjyd6gjs5m42vi5-gcc-arm-embedded-12.2.rel1/bin/../arm-none-eabi/lib/
COLLECT_GCC_OPTIONS='-mcpu=cortex-m0plus' '-mthumb' '-nostdlib' '-v' '-o' 'cmTC_5739e.elf' '-mfloat-abi=soft' '-mlibarch=armv6s-m' '-march=armv6s-m' '-dumpdir' 'cmTC_5739e.elf.'
 /nix/store/290qsnq6g2ni2fjcvyjyd6gjs5m42vi5-gcc-arm-embedded-12.2.rel1/bin/../libexec/gcc/arm-none-eabi/12.2.1/collect2 -plugin /nix/store/290qsnq6g2ni2fjcvyjyd6gjs5m42vi5-gcc-arm-embedded-12.2.rel1/bin/../libexec/gcc/arm-none-eabi/12.2.1/liblto_plugin.so -plugin-opt=/nix/store/290qsnq6g2ni2fjcvyjyd6gjs5m42vi5-gcc-arm-embedded-12.2.rel1/bin/../libexec/gcc/arm-none-eabi/12.2.1/lto-wrapper -plugin-opt=-fresolution=/tmp/ccbGolX8.res --sysroot=/nix/store/290qsnq6g2ni2fjcvyjyd6gjs5m42vi5-gcc-arm-embedded-12.2.rel1/bin/../arm-none-eabi -X -o cmTC_5739e.elf -L/nix/store/290qsnq6g2ni2fjcvyjyd6gjs5m42vi5-gcc-arm-embedded-12.2.rel1/bin/../lib/gcc/arm-none-eabi/12.2.1/thumb/v6-m/nofp -L/nix/store/290qsnq6g2ni2fjcvyjyd6gjs5m42vi5-gcc-arm-embedded-12.2.rel1/bin/../lib/gcc/arm-none-eabi/12.2.1/../../../../arm-none-eabi/lib/thumb/v6-m/nofp -L/nix/store/290qsnq6g2ni2fjcvyjyd6gjs5m42vi5-gcc-arm-embedded-12.2.rel1/bin/../arm-none-eabi/lib/thumb/v6-m/nofp -L/nix/store/290qsnq6g2ni2fjcvyjyd6gjs5m42vi5-gcc-arm-embedded-12.2.rel1/bin/../lib/gcc/arm-none-eabi/12.2.1 -L/nix/store/290qsnq6g2ni2fjcvyjyd6gjs5m42vi5-gcc-arm-embedded-12.2.rel1/bin/../lib/gcc -L/nix/store/290qsnq6g2ni2fjcvyjyd6gjs5m42vi5-gcc-arm-embedded-12.2.rel1/bin/../lib/gcc/arm-none-eabi/12.2.1/../../../../arm-none-eabi/lib -L/nix/store/290qsnq6g2ni2fjcvyjyd6gjs5m42vi5-gcc-arm-embedded-12.2.rel1/bin/../arm-none-eabi/lib --build-id=none CMakeFiles/cmTC_5739e.dir/CMakeCXXCompilerABI.cpp.obj
/nix/store/290qsnq6g2ni2fjcvyjyd6gjs5m42vi5-gcc-arm-embedded-12.2.rel1/bin/../lib/gcc/arm-none-eabi/12.2.1/../../../../arm-none-eabi/bin/ld: warning: cannot find entry symbol _start; defaulting to 0000000000008000
COLLECT_GCC_OPTIONS='-mcpu=cortex-m0plus' '-mthumb' '-nostdlib' '-v' '-o' 'cmTC_5739e.elf' '-mfloat-abi=soft' '-mlibarch=armv6s-m' '-march=armv6s-m' '-dumpdir' 'cmTC_5739e.elf.'
make[1]: Leaving directory '/home/volse/Nextcloud/Alles_nur_geCloud/Kreationen/Volse/BERT/build/CMakeFiles/CMakeScratch/TryCompile-cF0xql'



Parsed CXX implicit include dir info from above output: rv=done
  found start of include info
  found start of implicit include info
    add: [/nix/store/290qsnq6g2ni2fjcvyjyd6gjs5m42vi5-gcc-arm-embedded-12.2.rel1/bin/../lib/gcc/arm-none-eabi/12.2.1/../../../../arm-none-eabi/include/c++/12.2.1]
    add: [/nix/store/290qsnq6g2ni2fjcvyjyd6gjs5m42vi5-gcc-arm-embedded-12.2.rel1/bin/../lib/gcc/arm-none-eabi/12.2.1/../../../../arm-none-eabi/include/c++/12.2.1/arm-none-eabi/thumb/v6-m/nofp]
    add: [/nix/store/290qsnq6g2ni2fjcvyjyd6gjs5m42vi5-gcc-arm-embedded-12.2.rel1/bin/../lib/gcc/arm-none-eabi/12.2.1/../../../../arm-none-eabi/include/c++/12.2.1/backward]
    add: [/nix/store/290qsnq6g2ni2fjcvyjyd6gjs5m42vi5-gcc-arm-embedded-12.2.rel1/bin/../lib/gcc/arm-none-eabi/12.2.1/include]
    add: [/nix/store/290qsnq6g2ni2fjcvyjyd6gjs5m42vi5-gcc-arm-embedded-12.2.rel1/bin/../lib/gcc/arm-none-eabi/12.2.1/include-fixed]
    add: [/nix/store/290qsnq6g2ni2fjcvyjyd6gjs5m42vi5-gcc-arm-embedded-12.2.rel1/bin/../lib/gcc/arm-none-eabi/12.2.1/../../../../arm-none-eabi/include]
  end of search list found
  collapse include dir [/nix/store/290qsnq6g2ni2fjcvyjyd6gjs5m42vi5-gcc-arm-embedded-12.2.rel1/bin/../lib/gcc/arm-none-eabi/12.2.1/../../../../arm-none-eabi/include/c++/12.2.1] ==> [/nix/store/290qsnq6g2ni2fjcvyjyd6gjs5m42vi5-gcc-arm-embedded-12.2.rel1/arm-none-eabi/include/c++/12.2.1]
  collapse include dir [/nix/store/290qsnq6g2ni2fjcvyjyd6gjs5m42vi5-gcc-arm-embedded-12.2.rel1/bin/../lib/gcc/arm-none-eabi/12.2.1/../../../../arm-none-eabi/include/c++/12.2.1/arm-none-eabi/thumb/v6-m/nofp] ==> [/nix/store/290qsnq6g2ni2fjcvyjyd6gjs5m42vi5-gcc-arm-embedded-12.2.rel1/arm-none-eabi/include/c++/12.2.1/arm-none-eabi/thumb/v6-m/nofp]
  collapse include dir [/nix/store/290qsnq6g2ni2fjcvyjyd6gjs5m42vi5-gcc-arm-embedded-12.2.rel1/bin/../lib/gcc/arm-none-eabi/12.2.1/../../../../arm-none-eabi/include/c++/12.2.1/backward] ==> [/nix/store/290qsnq6g2ni2fjcvyjyd6gjs5m42vi5-gcc-arm-embedded-12.2.rel1/arm-none-eabi/include/c++/12.2.1/backward]
  collapse include dir [/nix/store/290qsnq6g2ni2fjcvyjyd6gjs5m42vi5-gcc-arm-embedded-12.2.rel1/bin/../lib/gcc/arm-none-eabi/12.2.1/include] ==> [/nix/store/290qsnq6g2ni2fjcvyjyd6gjs5m42vi5-gcc-arm-embedded-12.2.rel1/lib/gcc/arm-none-eabi/12.2.1/include]
  collapse include dir [/nix/store/290qsnq6g2ni2fjcvyjyd6gjs5m42vi5-gcc-arm-embedded-12.2.rel1/bin/../lib/gcc/arm-none-eabi/12.2.1/include-fixed] ==> [/nix/store/290qsnq6g2ni2fjcvyjyd6gjs5m42vi5-gcc-arm-embedded-12.2.rel1/lib/gcc/arm-none-eabi/12.2.1/include-fixed]
  collapse include dir [/nix/store/290qsnq6g2ni2fjcvyjyd6gjs5m42vi5-gcc-arm-embedded-12.2.rel1/bin/../lib/gcc/arm-none-eabi/12.2.1/../../../../arm-none-eabi/include] ==> [/nix/store/290qsnq6g2ni2fjcvyjyd6gjs5m42vi5-gcc-arm-embedded-12.2.rel1/arm-none-eabi/include]
  implicit include dirs: [/nix/store/290qsnq6g2ni2fjcvyjyd6gjs5m42vi5-gcc-arm-embedded-12.2.rel1/arm-none-eabi/include/c++/12.2.1;/nix/store/290qsnq6g2ni2fjcvyjyd6gjs5m42vi5-gcc-arm-embedded-12.2.rel1/arm-none-eabi/include/c++/12.2.1/arm-none-eabi/thumb/v6-m/nofp;/nix/store/290qsnq6g2ni2fjcvyjyd6gjs5m42vi5-gcc-arm-embedded-12.2.rel1/arm-none-eabi/include/c++/12.2.1/backward;/nix/store/290qsnq6g2ni2fjcvyjyd6gjs5m42vi5-gcc-arm-embedded-12.2.rel1/lib/gcc/arm-none-eabi/12.2.1/include;/nix/store/290qsnq6g2ni2fjcvyjyd6gjs5m42vi5-gcc-arm-embedded-12.2.rel1/lib/gcc/arm-none-eabi/12.2.1/include-fixed;/nix/store/290qsnq6g2ni2fjcvyjyd6gjs5m42vi5-gcc-arm-embedded-12.2.rel1/arm-none-eabi/include]


Parsed CXX implicit link information from above output:
  link line regex: [^( *|.*[/\])(arm-none-eabi-ld|CMAKE_LINK_STARTFILE-NOTFOUND|([^/\]+-)?ld|collect2)[^/\]*( |$)]
  ignore line: [Change Dir: /home/volse/Nextcloud/Alles_nur_geCloud/Kreationen/Volse/BERT/build/CMakeFiles/CMakeScratch/TryCompile-cF0xql]
  ignore line: []
  ignore line: [Run Build Command(s):/run/current-system/sw/bin/make -f Makefile cmTC_5739e/fast && /run/current-system/sw/bin/make  -f CMakeFiles/cmTC_5739e.dir/build.make CMakeFiles/cmTC_5739e.dir/build]
  ignore line: [make[1]: Entering directory '/home/volse/Nextcloud/Alles_nur_geCloud/Kreationen/Volse/BERT/build/CMakeFiles/CMakeScratch/TryCompile-cF0xql']
  ignore line: [Building CXX object CMakeFiles/cmTC_5739e.dir/CMakeCXXCompilerABI.cpp.obj]
  ignore line: [/run/current-system/sw/bin/arm-none-eabi-g++   -mcpu=cortex-m0plus -mthumb    -v -o CMakeFiles/cmTC_5739e.dir/CMakeCXXCompilerABI.cpp.obj -c /nix/store/jvcvx2kmln6iphr96y1mjgnjp15n2vz9-cmake-3.25.3/share/cmake-3.25/Modules/CMakeCXXCompilerABI.cpp]
  ignore line: [Using built-in specs.]
  ignore line: [COLLECT_GCC=/run/current-system/sw/bin/arm-none-eabi-g++]
  ignore line: [Target: arm-none-eabi]
  ignore line: [Configured with: /data/jenkins/workspace/GNU-toolchain/arm-12/src/gcc/configure --target=arm-none-eabi --prefix=/data/jenkins/workspace/GNU-toolchain/arm-12/build-arm-none-eabi/install --with-gmp=/data/jenkins/workspace/GNU-toolchain/arm-12/build-arm-none-eabi/host-tools --with-mpfr=/data/jenkins/workspace/GNU-toolchain/arm-12/build-arm-none-eabi/host-tools --with-mpc=/data/jenkins/workspace/GNU-toolchain/arm-12/build-arm-none-eabi/host-tools --with-isl=/data/jenkins/workspace/GNU-toolchain/arm-12/build-arm-none-eabi/host-tools --disable-shared --disable-nls --disable-threads --disable-tls --enable-checking=release --enable-languages=c,c++,fortran --with-newlib --with-gnu-as --with-gnu-ld --with-sysroot=/data/jenkins/workspace/GNU-toolchain/arm-12/build-arm-none-eabi/install/arm-none-eabi --with-multilib-list=aprofile,rmprofile --with-pkgversion='Arm GNU Toolchain 12.2.Rel1 (Build arm-12.24)' --with-bugurl=https://bugs.linaro.org/]
  ignore line: [Thread model: single]
  ignore line: [Supported LTO compression algorithms: zlib]
  ignore line: [gcc version 12.2.1 20221205 (Arm GNU Toolchain 12.2.Rel1 (Build arm-12.24)) ]
  ignore line: [COLLECT_GCC_OPTIONS='-mcpu=cortex-m0plus' '-mthumb' '-v' '-o' 'CMakeFiles/cmTC_5739e.dir/CMakeCXXCompilerABI.cpp.obj' '-c' '-mfloat-abi=soft' '-mlibarch=armv6s-m' '-march=armv6s-m' '-dumpdir' 'CMakeFiles/cmTC_5739e.dir/']
  ignore line: [ /nix/store/290qsnq6g2ni2fjcvyjyd6gjs5m42vi5-gcc-arm-embedded-12.2.rel1/bin/../libexec/gcc/arm-none-eabi/12.2.1/cc1plus -quiet -v -imultilib thumb/v6-m/nofp -iprefix /nix/store/290qsnq6g2ni2fjcvyjyd6gjs5m42vi5-gcc-arm-embedded-12.2.rel1/bin/../lib/gcc/arm-none-eabi/12.2.1/ -isysroot /nix/store/290qsnq6g2ni2fjcvyjyd6gjs5m42vi5-gcc-arm-embedded-12.2.rel1/bin/../arm-none-eabi -D__USES_INITFINI__ /nix/store/jvcvx2kmln6iphr96y1mjgnjp15n2vz9-cmake-3.25.3/share/cmake-3.25/Modules/CMakeCXXCompilerABI.cpp -quiet -dumpdir CMakeFiles/cmTC_5739e.dir/ -dumpbase CMakeCXXCompilerABI.cpp.cpp -dumpbase-ext .cpp -mcpu=cortex-m0plus -mthumb -mfloat-abi=soft -mlibarch=armv6s-m -march=armv6s-m -version -o /tmp/ccuTcdAC.s]
  ignore line: [GNU C++17 (Arm GNU Toolchain 12.2.Rel1 (Build arm-12.24)) version 12.2.1 20221205 (arm-none-eabi)]
  ignore line: [	compiled by GNU C version 4.8.5 20150623 (Red Hat 4.8.5-44)  GMP version 6.2.1  MPFR version 3.1.6  MPC version 1.0.3  isl version isl-0.15-1-g835ea3a-GMP]
  ignore line: []
  ignore line: [GGC heuristics: --param ggc-min-expand=100 --param ggc-min-heapsize=131072]
  ignore line: [ignoring duplicate directory "/nix/store/290qsnq6g2ni2fjcvyjyd6gjs5m42vi5-gcc-arm-embedded-12.2.rel1/bin/../lib/gcc/../../lib/gcc/arm-none-eabi/12.2.1/../../../../arm-none-eabi/include/c++/12.2.1"]
  ignore line: [ignoring duplicate directory "/nix/store/290qsnq6g2ni2fjcvyjyd6gjs5m42vi5-gcc-arm-embedded-12.2.rel1/bin/../lib/gcc/../../lib/gcc/arm-none-eabi/12.2.1/../../../../arm-none-eabi/include/c++/12.2.1/arm-none-eabi/thumb/v6-m/nofp"]
  ignore line: [ignoring duplicate directory "/nix/store/290qsnq6g2ni2fjcvyjyd6gjs5m42vi5-gcc-arm-embedded-12.2.rel1/bin/../lib/gcc/../../lib/gcc/arm-none-eabi/12.2.1/../../../../arm-none-eabi/include/c++/12.2.1/backward"]
  ignore line: [ignoring duplicate directory "/nix/store/290qsnq6g2ni2fjcvyjyd6gjs5m42vi5-gcc-arm-embedded-12.2.rel1/bin/../lib/gcc/../../lib/gcc/arm-none-eabi/12.2.1/include"]
  ignore line: [ignoring nonexistent directory "/nix/store/290qsnq6g2ni2fjcvyjyd6gjs5m42vi5-gcc-arm-embedded-12.2.rel1/bin/../arm-none-eabi/usr/local/include"]
  ignore line: [ignoring duplicate directory "/nix/store/290qsnq6g2ni2fjcvyjyd6gjs5m42vi5-gcc-arm-embedded-12.2.rel1/bin/../lib/gcc/../../lib/gcc/arm-none-eabi/12.2.1/include-fixed"]
  ignore line: [ignoring duplicate directory "/nix/store/290qsnq6g2ni2fjcvyjyd6gjs5m42vi5-gcc-arm-embedded-12.2.rel1/bin/../lib/gcc/../../lib/gcc/arm-none-eabi/12.2.1/../../../../arm-none-eabi/include"]
  ignore line: [ignoring nonexistent directory "/nix/store/290qsnq6g2ni2fjcvyjyd6gjs5m42vi5-gcc-arm-embedded-12.2.rel1/bin/../arm-none-eabi/usr/include"]
  ignore line: [#include "..." search starts here:]
  ignore line: [#include <...> search starts here:]
  ignore line: [ /nix/store/290qsnq6g2ni2fjcvyjyd6gjs5m42vi5-gcc-arm-embedded-12.2.rel1/bin/../lib/gcc/arm-none-eabi/12.2.1/../../../../arm-none-eabi/include/c++/12.2.1]
  ignore line: [ /nix/store/290qsnq6g2ni2fjcvyjyd6gjs5m42vi5-gcc-arm-embedded-12.2.rel1/bin/../lib/gcc/arm-none-eabi/12.2.1/../../../../arm-none-eabi/include/c++/12.2.1/arm-none-eabi/thumb/v6-m/nofp]
  ignore line: [ /nix/store/290qsnq6g2ni2fjcvyjyd6gjs5m42vi5-gcc-arm-embedded-12.2.rel1/bin/../lib/gcc/arm-none-eabi/12.2.1/../../../../arm-none-eabi/include/c++/12.2.1/backward]
  ignore line: [ /nix/store/290qsnq6g2ni2fjcvyjyd6gjs5m42vi5-gcc-arm-embedded-12.2.rel1/bin/../lib/gcc/arm-none-eabi/12.2.1/include]
  ignore line: [ /nix/store/290qsnq6g2ni2fjcvyjyd6gjs5m42vi5-gcc-arm-embedded-12.2.rel1/bin/../lib/gcc/arm-none-eabi/12.2.1/include-fixed]
  ignore line: [ /nix/store/290qsnq6g2ni2fjcvyjyd6gjs5m42vi5-gcc-arm-embedded-12.2.rel1/bin/../lib/gcc/arm-none-eabi/12.2.1/../../../../arm-none-eabi/include]
  ignore line: [End of search list.]
  ignore line: [GNU C++17 (Arm GNU Toolchain 12.2.Rel1 (Build arm-12.24)) version 12.2.1 20221205 (arm-none-eabi)]
  ignore line: [	compiled by GNU C version 4.8.5 20150623 (Red Hat 4.8.5-44)  GMP version 6.2.1  MPFR version 3.1.6  MPC version 1.0.3  isl version isl-0.15-1-g835ea3a-GMP]
  ignore line: []
  ignore line: [GGC heuristics: --param ggc-min-expand=100 --param ggc-min-heapsize=131072]
  ignore line: [Compiler executable checksum: 1739522f0a9e455162f7f995fd318a21]
  ignore line: [COLLECT_GCC_OPTIONS='-mcpu=cortex-m0plus' '-mthumb' '-v' '-o' 'CMakeFiles/cmTC_5739e.dir/CMakeCXXCompilerABI.cpp.obj' '-c' '-mfloat-abi=soft' '-mlibarch=armv6s-m' '-march=armv6s-m' '-dumpdir' 'CMakeFiles/cmTC_5739e.dir/']
  ignore line: [ /nix/store/290qsnq6g2ni2fjcvyjyd6gjs5m42vi5-gcc-arm-embedded-12.2.rel1/bin/../lib/gcc/arm-none-eabi/12.2.1/../../../../arm-none-eabi/bin/as -v -march=armv6s-m -mfloat-abi=soft -meabi=5 -o CMakeFiles/cmTC_5739e.dir/CMakeCXXCompilerABI.cpp.obj /tmp/ccuTcdAC.s]
  ignore line: [GNU assembler version 2.39.0 (arm-none-eabi) using BFD version (Arm GNU Toolchain 12.2.Rel1 (Build arm-12.24)) 2.39.0.20221210]
  ignore line: [COMPILER_PATH=/nix/store/290qsnq6g2ni2fjcvyjyd6gjs5m42vi5-gcc-arm-embedded-12.2.rel1/bin/../libexec/gcc/arm-none-eabi/12.2.1/:/nix/store/290qsnq6g2ni2fjcvyjyd6gjs5m42vi5-gcc-arm-embedded-12.2.rel1/bin/../libexec/gcc/:/nix/store/290qsnq6g2ni2fjcvyjyd6gjs5m42vi5-gcc-arm-embedded-12.2.rel1/bin/../lib/gcc/arm-none-eabi/12.2.1/../../../../arm-none-eabi/bin/]
  ignore line: [LIBRARY_PATH=/nix/store/290qsnq6g2ni2fjcvyjyd6gjs5m42vi5-gcc-arm-embedded-12.2.rel1/bin/../lib/gcc/arm-none-eabi/12.2.1/thumb/v6-m/nofp/:/nix/store/290qsnq6g2ni2fjcvyjyd6gjs5m42vi5-gcc-arm-embedded-12.2.rel1/bin/../lib/gcc/arm-none-eabi/12.2.1/../../../../arm-none-eabi/lib/thumb/v6-m/nofp/:/nix/store/290qsnq6g2ni2fjcvyjyd6gjs5m42vi5-gcc-arm-embedded-12.2.rel1/bin/../arm-none-eabi/lib/thumb/v6-m/nofp/:/nix/store/290qsnq6g2ni2fjcvyjyd6gjs5m42vi5-gcc-arm-embedded-12.2.rel1/bin/../lib/gcc/arm-none-eabi/12.2.1/:/nix/store/290qsnq6g2ni2fjcvyjyd6gjs5m42vi5-gcc-arm-embedded-12.2.rel1/bin/../lib/gcc/:/nix/store/290qsnq6g2ni2fjcvyjyd6gjs5m42vi5-gcc-arm-embedded-12.2.rel1/bin/../lib/gcc/arm-none-eabi/12.2.1/../../../../arm-none-eabi/lib/:/nix/store/290qsnq6g2ni2fjcvyjyd6gjs5m42vi5-gcc-arm-embedded-12.2.rel1/bin/../arm-none-eabi/lib/]
  ignore line: [COLLECT_GCC_OPTIONS='-mcpu=cortex-m0plus' '-mthumb' '-v' '-o' 'CMakeFiles/cmTC_5739e.dir/CMakeCXXCompilerABI.cpp.obj' '-c' '-mfloat-abi=soft' '-mlibarch=armv6s-m' '-march=armv6s-m' '-dumpdir' 'CMakeFiles/cmTC_5739e.dir/CMakeCXXCompilerABI.cpp.']
  ignore line: [Linking CXX executable cmTC_5739e.elf]
  ignore line: [/nix/store/jvcvx2kmln6iphr96y1mjgnjp15n2vz9-cmake-3.25.3/bin/cmake -E cmake_link_script CMakeFiles/cmTC_5739e.dir/link.txt --verbose=1]
  ignore line: [/run/current-system/sw/bin/arm-none-eabi-g++ -mcpu=cortex-m0plus -mthumb  -Wl --build-id=none -nostdlib  -v CMakeFiles/cmTC_5739e.dir/CMakeCXXCompilerABI.cpp.obj -o cmTC_5739e.elf ]
  ignore line: [Using built-in specs.]
  ignore line: [COLLECT_GCC=/run/current-system/sw/bin/arm-none-eabi-g++]
  ignore line: [COLLECT_LTO_WRAPPER=/nix/store/290qsnq6g2ni2fjcvyjyd6gjs5m42vi5-gcc-arm-embedded-12.2.rel1/bin/../libexec/gcc/arm-none-eabi/12.2.1/lto-wrapper]
  ignore line: [Target: arm-none-eabi]
  ignore line: [Configured with: /data/jenkins/workspace/GNU-toolchain/arm-12/src/gcc/configure --target=arm-none-eabi --prefix=/data/jenkins/workspace/GNU-toolchain/arm-12/build-arm-none-eabi/install --with-gmp=/data/jenkins/workspace/GNU-toolchain/arm-12/build-arm-none-eabi/host-tools --with-mpfr=/data/jenkins/workspace/GNU-toolchain/arm-12/build-arm-none-eabi/host-tools --with-mpc=/data/jenkins/workspace/GNU-toolchain/arm-12/build-arm-none-eabi/host-tools --with-isl=/data/jenkins/workspace/GNU-toolchain/arm-12/build-arm-none-eabi/host-tools --disable-shared --disable-nls --disable-threads --disable-tls --enable-checking=release --enable-languages=c,c++,fortran --with-newlib --with-gnu-as --with-gnu-ld --with-sysroot=/data/jenkins/workspace/GNU-toolchain/arm-12/build-arm-none-eabi/install/arm-none-eabi --with-multilib-list=aprofile,rmprofile --with-pkgversion='Arm GNU Toolchain 12.2.Rel1 (Build arm-12.24)' --with-bugurl=https://bugs.linaro.org/]
  ignore line: [Thread model: single]
  ignore line: [Supported LTO compression algorithms: zlib]
  ignore line: [gcc version 12.2.1 20221205 (Arm GNU Toolchain 12.2.Rel1 (Build arm-12.24)) ]
  ignore line: [COMPILER_PATH=/nix/store/290qsnq6g2ni2fjcvyjyd6gjs5m42vi5-gcc-arm-embedded-12.2.rel1/bin/../libexec/gcc/arm-none-eabi/12.2.1/:/nix/store/290qsnq6g2ni2fjcvyjyd6gjs5m42vi5-gcc-arm-embedded-12.2.rel1/bin/../libexec/gcc/:/nix/store/290qsnq6g2ni2fjcvyjyd6gjs5m42vi5-gcc-arm-embedded-12.2.rel1/bin/../lib/gcc/arm-none-eabi/12.2.1/../../../../arm-none-eabi/bin/]
  ignore line: [LIBRARY_PATH=/nix/store/290qsnq6g2ni2fjcvyjyd6gjs5m42vi5-gcc-arm-embedded-12.2.rel1/bin/../lib/gcc/arm-none-eabi/12.2.1/thumb/v6-m/nofp/:/nix/store/290qsnq6g2ni2fjcvyjyd6gjs5m42vi5-gcc-arm-embedded-12.2.rel1/bin/../lib/gcc/arm-none-eabi/12.2.1/../../../../arm-none-eabi/lib/thumb/v6-m/nofp/:/nix/store/290qsnq6g2ni2fjcvyjyd6gjs5m42vi5-gcc-arm-embedded-12.2.rel1/bin/../arm-none-eabi/lib/thumb/v6-m/nofp/:/nix/store/290qsnq6g2ni2fjcvyjyd6gjs5m42vi5-gcc-arm-embedded-12.2.rel1/bin/../lib/gcc/arm-none-eabi/12.2.1/:/nix/store/290qsnq6g2ni2fjcvyjyd6gjs5m42vi5-gcc-arm-embedded-12.2.rel1/bin/../lib/gcc/:/nix/store/290qsnq6g2ni2fjcvyjyd6gjs5m42vi5-gcc-arm-embedded-12.2.rel1/bin/../lib/gcc/arm-none-eabi/12.2.1/../../../../arm-none-eabi/lib/:/nix/store/290qsnq6g2ni2fjcvyjyd6gjs5m42vi5-gcc-arm-embedded-12.2.rel1/bin/../arm-none-eabi/lib/]
  ignore line: [COLLECT_GCC_OPTIONS='-mcpu=cortex-m0plus' '-mthumb' '-nostdlib' '-v' '-o' 'cmTC_5739e.elf' '-mfloat-abi=soft' '-mlibarch=armv6s-m' '-march=armv6s-m' '-dumpdir' 'cmTC_5739e.elf.']
  link line: [ /nix/store/290qsnq6g2ni2fjcvyjyd6gjs5m42vi5-gcc-arm-embedded-12.2.rel1/bin/../libexec/gcc/arm-none-eabi/12.2.1/collect2 -plugin /nix/store/290qsnq6g2ni2fjcvyjyd6gjs5m42vi5-gcc-arm-embedded-12.2.rel1/bin/../libexec/gcc/arm-none-eabi/12.2.1/liblto_plugin.so -plugin-opt=/nix/store/290qsnq6g2ni2fjcvyjyd6gjs5m42vi5-gcc-arm-embedded-12.2.rel1/bin/../libexec/gcc/arm-none-eabi/12.2.1/lto-wrapper -plugin-opt=-fresolution=/tmp/ccbGolX8.res --sysroot=/nix/store/290qsnq6g2ni2fjcvyjyd6gjs5m42vi5-gcc-arm-embedded-12.2.rel1/bin/../arm-none-eabi -X -o cmTC_5739e.elf -L/nix/store/290qsnq6g2ni2fjcvyjyd6gjs5m42vi5-gcc-arm-embedded-12.2.rel1/bin/../lib/gcc/arm-none-eabi/12.2.1/thumb/v6-m/nofp -L/nix/store/290qsnq6g2ni2fjcvyjyd6gjs5m42vi5-gcc-arm-embedded-12.2.rel1/bin/../lib/gcc/arm-none-eabi/12.2.1/../../../../arm-none-eabi/lib/thumb/v6-m/nofp -L/nix/store/290qsnq6g2ni2fjcvyjyd6gjs5m42vi5-gcc-arm-embedded-12.2.rel1/bin/../arm-none-eabi/lib/thumb/v6-m/nofp -L/nix/store/290qsnq6g2ni2fjcvyjyd6gjs5m42vi5-gcc-arm-embedded-12.2.rel1/bin/../lib/gcc/arm-none-eabi/12.2.1 -L/nix/store/290qsnq6g2ni2fjcvyjyd6gjs5m42vi5-gcc-arm-embedded-12.2.rel1/bin/../lib/gcc -L/nix/store/290qsnq6g2ni2fjcvyjyd6gjs5m42vi5-gcc-arm-embedded-12.2.rel1/bin/../lib/gcc/arm-none-eabi/12.2.1/../../../../arm-none-eabi/lib -L/nix/store/290qsnq6g2ni2fjcvyjyd6gjs5m42vi5-gcc-arm-embedded-12.2.rel1/bin/../arm-none-eabi/lib --build-id=none CMakeFiles/cmTC_5739e.dir/CMakeCXXCompilerABI.cpp.obj]
    arg [/nix/store/290qsnq6g2ni2fjcvyjyd6gjs5m42vi5-gcc-arm-embedded-12.2.rel1/bin/../libexec/gcc/arm-none-eabi/12.2.1/collect2] ==> ignore
    arg [-plugin] ==> ignore
    arg [/nix/store/290qsnq6g2ni2fjcvyjyd6gjs5m42vi5-gcc-arm-embedded-12.2.rel1/bin/../libexec/gcc/arm-none-eabi/12.2.1/liblto_plugin.so] ==> ignore
    arg [-plugin-opt=/nix/store/290qsnq6g2ni2fjcvyjyd6gjs5m42vi5-gcc-arm-embedded-12.2.rel1/bin/../libexec/gcc/arm-none-eabi/12.2.1/lto-wrapper] ==> ignore
    arg [-plugin-opt=-fresolution=/tmp/ccbGolX8.res] ==> ignore
    arg [--sysroot=/nix/store/290qsnq6g2ni2fjcvyjyd6gjs5m42vi5-gcc-arm-embedded-12.2.rel1/bin/../arm-none-eabi] ==> ignore
    arg [-X] ==> ignore
    arg [-o] ==> ignore
    arg [cmTC_5739e.elf] ==> ignore
    arg [-L/nix/store/290qsnq6g2ni2fjcvyjyd6gjs5m42vi5-gcc-arm-embedded-12.2.rel1/bin/../lib/gcc/arm-none-eabi/12.2.1/thumb/v6-m/nofp] ==> dir [/nix/store/290qsnq6g2ni2fjcvyjyd6gjs5m42vi5-gcc-arm-embedded-12.2.rel1/bin/../lib/gcc/arm-none-eabi/12.2.1/thumb/v6-m/nofp]
    arg [-L/nix/store/290qsnq6g2ni2fjcvyjyd6gjs5m42vi5-gcc-arm-embedded-12.2.rel1/bin/../lib/gcc/arm-none-eabi/12.2.1/../../../../arm-none-eabi/lib/thumb/v6-m/nofp] ==> dir [/nix/store/290qsnq6g2ni2fjcvyjyd6gjs5m42vi5-gcc-arm-embedded-12.2.rel1/bin/../lib/gcc/arm-none-eabi/12.2.1/../../../../arm-none-eabi/lib/thumb/v6-m/nofp]
    arg [-L/nix/store/290qsnq6g2ni2fjcvyjyd6gjs5m42vi5-gcc-arm-embedded-12.2.rel1/bin/../arm-none-eabi/lib/thumb/v6-m/nofp] ==> dir [/nix/store/290qsnq6g2ni2fjcvyjyd6gjs5m42vi5-gcc-arm-embedded-12.2.rel1/bin/../arm-none-eabi/lib/thumb/v6-m/nofp]
    arg [-L/nix/store/290qsnq6g2ni2fjcvyjyd6gjs5m42vi5-gcc-arm-embedded-12.2.rel1/bin/../lib/gcc/arm-none-eabi/12.2.1] ==> dir [/nix/store/290qsnq6g2ni2fjcvyjyd6gjs5m42vi5-gcc-arm-embedded-12.2.rel1/bin/../lib/gcc/arm-none-eabi/12.2.1]
    arg [-L/nix/store/290qsnq6g2ni2fjcvyjyd6gjs5m42vi5-gcc-arm-embedded-12.2.rel1/bin/../lib/gcc] ==> dir [/nix/store/290qsnq6g2ni2fjcvyjyd6gjs5m42vi5-gcc-arm-embedded-12.2.rel1/bin/../lib/gcc]
    arg [-L/nix/store/290qsnq6g2ni2fjcvyjyd6gjs5m42vi5-gcc-arm-embedded-12.2.rel1/bin/../lib/gcc/arm-none-eabi/12.2.1/../../../../arm-none-eabi/lib] ==> dir [/nix/store/290qsnq6g2ni2fjcvyjyd6gjs5m42vi5-gcc-arm-embedded-12.2.rel1/bin/../lib/gcc/arm-none-eabi/12.2.1/../../../../arm-none-eabi/lib]
    arg [-L/nix/store/290qsnq6g2ni2fjcvyjyd6gjs5m42vi5-gcc-arm-embedded-12.2.rel1/bin/../arm-none-eabi/lib] ==> dir [/nix/store/290qsnq6g2ni2fjcvyjyd6gjs5m42vi5-gcc-arm-embedded-12.2.rel1/bin/../arm-none-eabi/lib]
    arg [--build-id=none] ==> ignore
    arg [CMakeFiles/cmTC_5739e.dir/CMakeCXXCompilerABI.cpp.obj] ==> ignore
  collapse library dir [/nix/store/290qsnq6g2ni2fjcvyjyd6gjs5m42vi5-gcc-arm-embedded-12.2.rel1/bin/../lib/gcc/arm-none-eabi/12.2.1/thumb/v6-m/nofp] ==> [/nix/store/290qsnq6g2ni2fjcvyjyd6gjs5m42vi5-gcc-arm-embedded-12.2.rel1/lib/gcc/arm-none-eabi/12.2.1/thumb/v6-m/nofp]
  collapse library dir [/nix/store/290qsnq6g2ni2fjcvyjyd6gjs5m42vi5-gcc-arm-embedded-12.2.rel1/bin/../lib/gcc/arm-none-eabi/12.2.1/../../../../arm-none-eabi/lib/thumb/v6-m/nofp] ==> [/nix/store/290qsnq6g2ni2fjcvyjyd6gjs5m42vi5-gcc-arm-embedded-12.2.rel1/arm-none-eabi/lib/thumb/v6-m/nofp]
  collapse library dir [/nix/store/290qsnq6g2ni2fjcvyjyd6gjs5m42vi5-gcc-arm-embedded-12.2.rel1/bin/../arm-none-eabi/lib/thumb/v6-m/nofp] ==> [/nix/store/290qsnq6g2ni2fjcvyjyd6gjs5m42vi5-gcc-arm-embedded-12.2.rel1/arm-none-eabi/lib/thumb/v6-m/nofp]
  collapse library dir [/nix/store/290qsnq6g2ni2fjcvyjyd6gjs5m42vi5-gcc-arm-embedded-12.2.rel1/bin/../lib/gcc/arm-none-eabi/12.2.1] ==> [/nix/store/290qsnq6g2ni2fjcvyjyd6gjs5m42vi5-gcc-arm-embedded-12.2.rel1/lib/gcc/arm-none-eabi/12.2.1]
  collapse library dir [/nix/store/290qsnq6g2ni2fjcvyjyd6gjs5m42vi5-gcc-arm-embedded-12.2.rel1/bin/../lib/gcc] ==> [/nix/store/290qsnq6g2ni2fjcvyjyd6gjs5m42vi5-gcc-arm-embedded-12.2.rel1/lib/gcc]
  collapse library dir [/nix/store/290qsnq6g2ni2fjcvyjyd6gjs5m42vi5-gcc-arm-embedded-12.2.rel1/bin/../lib/gcc/arm-none-eabi/12.2.1/../../../../arm-none-eabi/lib] ==> [/nix/store/290qsnq6g2ni2fjcvyjyd6gjs5m42vi5-gcc-arm-embedded-12.2.rel1/arm-none-eabi/lib]
  collapse library dir [/nix/store/290qsnq6g2ni2fjcvyjyd6gjs5m42vi5-gcc-arm-embedded-12.2.rel1/bin/../arm-none-eabi/lib] ==> [/nix/store/290qsnq6g2ni2fjcvyjyd6gjs5m42vi5-gcc-arm-embedded-12.2.rel1/arm-none-eabi/lib]
  implicit libs: []
  implicit objs: []
  implicit dirs: [/nix/store/290qsnq6g2ni2fjcvyjyd6gjs5m42vi5-gcc-arm-embedded-12.2.rel1/lib/gcc/arm-none-eabi/12.2.1/thumb/v6-m/nofp;/nix/store/290qsnq6g2ni2fjcvyjyd6gjs5m42vi5-gcc-arm-embedded-12.2.rel1/arm-none-eabi/lib/thumb/v6-m/nofp;/nix/store/290qsnq6g2ni2fjcvyjyd6gjs5m42vi5-gcc-arm-embedded-12.2.rel1/lib/gcc/arm-none-eabi/12.2.1;/nix/store/290qsnq6g2ni2fjcvyjyd6gjs5m42vi5-gcc-arm-embedded-12.2.rel1/lib/gcc;/nix/store/290qsnq6g2ni2fjcvyjyd6gjs5m42vi5-gcc-arm-embedded-12.2.rel1/arm-none-eabi/lib]
  implicit fwks: []


